This file contains any messages produced by compilers while
running configure, to aid debugging if configure makes a mistake.

It was created by HelloX configure 1.78, which was
generated by GNU Autoconf 2.69.  Invocation command line was

  $ ./configure 

## --------- ##
## Platform. ##
## --------- ##

hostname = gaojie
uname -m = x86_64
uname -r = 4.0.4-202.fc21.x86_64
uname -s = Linux
uname -v = #1 SMP Wed May 27 22:28:42 UTC 2015

/usr/bin/uname -p = x86_64
/bin/uname -X     = unknown

/bin/arch              = x86_64
/usr/bin/arch -k       = unknown
/usr/convex/getsysinfo = unknown
/usr/bin/hostinfo      = unknown
/bin/machine           = unknown
/usr/bin/oslevel       = unknown
/bin/universe          = unknown

PATH: /usr/lib64/qt-3.3/bin
PATH: /usr/local/bin
PATH: /usr/local/sbin
PATH: /usr/bin
PATH: /usr/sbin
PATH: /bin
PATH: /sbin
PATH: /home/gaojie/.local/bin
PATH: /home/gaojie/bin


## ----------- ##
## Core tests. ##
## ----------- ##

configure:2688: checking for a BSD-compatible install
configure:2756: result: /usr/bin/install -c
configure:2767: checking whether build environment is sane
configure:2822: result: yes
configure:2973: checking for a thread-safe mkdir -p
configure:3012: result: /usr/bin/mkdir -p
configure:3019: checking for gawk
configure:3035: found /usr/bin/gawk
configure:3046: result: gawk
configure:3057: checking whether make sets $(MAKE)
configure:3079: result: yes
configure:3108: checking whether make supports nested variables
configure:3125: result: yes
configure:3315: checking for g++
configure:3331: found /usr/bin/g++
configure:3342: result: g++
configure:3369: checking for C++ compiler version
configure:3378: g++ --version >&5
g++ (GCC) 4.9.2 20150212 (Red Hat 4.9.2-6)
Copyright (C) 2014 Free Software Foundation, Inc.
This is free software; see the source for copying conditions.  There is NO
warranty; not even for MERCHANTABILITY or FITNESS FOR A PARTICULAR PURPOSE.

configure:3389: $? = 0
configure:3378: g++ -v >&5
Using built-in specs.
COLLECT_GCC=g++
COLLECT_LTO_WRAPPER=/usr/libexec/gcc/x86_64-redhat-linux/4.9.2/lto-wrapper
Target: x86_64-redhat-linux
Configured with: ../configure --prefix=/usr --mandir=/usr/share/man --infodir=/usr/share/info --with-bugurl=http://bugzilla.redhat.com/bugzilla --enable-bootstrap --enable-shared --enable-threads=posix --enable-checking=release --enable-multilib --with-system-zlib --enable-__cxa_atexit --disable-libunwind-exceptions --enable-gnu-unique-object --enable-linker-build-id --with-linker-hash-style=gnu --enable-languages=c,c++,objc,obj-c++,fortran,ada,go,lto --enable-plugin --enable-initfini-array --disable-libgcj --with-isl=/builddir/build/BUILD/gcc-4.9.2-20150212/obj-x86_64-redhat-linux/isl-install --with-cloog=/builddir/build/BUILD/gcc-4.9.2-20150212/obj-x86_64-redhat-linux/cloog-install --enable-gnu-indirect-function --with-tune=generic --with-arch_32=i686 --build=x86_64-redhat-linux
Thread model: posix
gcc version 4.9.2 20150212 (Red Hat 4.9.2-6) (GCC) 
configure:3389: $? = 0
configure:3378: g++ -V >&5
g++: error: unrecognized command line option '-V'
g++: fatal error: no input files
compilation terminated.
configure:3389: $? = 4
configure:3378: g++ -qversion >&5
g++: error: unrecognized command line option '-qversion'
g++: fatal error: no input files
compilation terminated.
configure:3389: $? = 4
configure:3409: checking whether the C++ compiler works
configure:3431: g++    conftest.cpp  >&5
configure:3435: $? = 0
configure:3483: result: yes
configure:3486: checking for C++ compiler default output file name
configure:3488: result: a.out
configure:3494: checking for suffix of executables
configure:3501: g++ -o conftest    conftest.cpp  >&5
configure:3505: $? = 0
configure:3527: result: 
configure:3549: checking whether we are cross compiling
configure:3557: g++ -o conftest    conftest.cpp  >&5
configure:3561: $? = 0
configure:3568: ./conftest
configure:3572: $? = 0
configure:3587: result: no
configure:3592: checking for suffix of object files
configure:3614: g++ -c   conftest.cpp >&5
configure:3618: $? = 0
configure:3639: result: o
configure:3643: checking whether we are using the GNU C++ compiler
configure:3662: g++ -c   conftest.cpp >&5
configure:3662: $? = 0
configure:3671: result: yes
configure:3680: checking whether g++ accepts -g
configure:3700: g++ -c -g  conftest.cpp >&5
configure:3700: $? = 0
configure:3741: result: yes
configure:3775: checking for style of include used by make
configure:3803: result: GNU
configure:3829: checking dependency style of g++
configure:3940: result: gcc3
configure:4003: checking for gcc
configure:4019: found /usr/bin/gcc
configure:4030: result: gcc
configure:4259: checking for C compiler version
configure:4268: gcc --version >&5
gcc (GCC) 4.9.2 20150212 (Red Hat 4.9.2-6)
Copyright (C) 2014 Free Software Foundation, Inc.
This is free software; see the source for copying conditions.  There is NO
warranty; not even for MERCHANTABILITY or FITNESS FOR A PARTICULAR PURPOSE.

configure:4279: $? = 0
configure:4268: gcc -v >&5
Using built-in specs.
COLLECT_GCC=gcc
COLLECT_LTO_WRAPPER=/usr/libexec/gcc/x86_64-redhat-linux/4.9.2/lto-wrapper
Target: x86_64-redhat-linux
Configured with: ../configure --prefix=/usr --mandir=/usr/share/man --infodir=/usr/share/info --with-bugurl=http://bugzilla.redhat.com/bugzilla --enable-bootstrap --enable-shared --enable-threads=posix --enable-checking=release --enable-multilib --with-system-zlib --enable-__cxa_atexit --disable-libunwind-exceptions --enable-gnu-unique-object --enable-linker-build-id --with-linker-hash-style=gnu --enable-languages=c,c++,objc,obj-c++,fortran,ada,go,lto --enable-plugin --enable-initfini-array --disable-libgcj --with-isl=/builddir/build/BUILD/gcc-4.9.2-20150212/obj-x86_64-redhat-linux/isl-install --with-cloog=/builddir/build/BUILD/gcc-4.9.2-20150212/obj-x86_64-redhat-linux/cloog-install --enable-gnu-indirect-function --with-tune=generic --with-arch_32=i686 --build=x86_64-redhat-linux
Thread model: posix
gcc version 4.9.2 20150212 (Red Hat 4.9.2-6) (GCC) 
configure:4279: $? = 0
configure:4268: gcc -V >&5
gcc: error: unrecognized command line option '-V'
gcc: fatal error: no input files
compilation terminated.
configure:4279: $? = 4
configure:4268: gcc -qversion >&5
gcc: error: unrecognized command line option '-qversion'
gcc: fatal error: no input files
compilation terminated.
configure:4279: $? = 4
configure:4283: checking whether we are using the GNU C compiler
configure:4302: gcc -c   conftest.c >&5
configure:4302: $? = 0
configure:4311: result: yes
configure:4320: checking whether gcc accepts -g
configure:4340: gcc -c -g  conftest.c >&5
configure:4340: $? = 0
configure:4381: result: yes
configure:4398: checking for gcc option to accept ISO C89
configure:4461: gcc  -c -g -O2  conftest.c >&5
configure:4461: $? = 0
configure:4474: result: none needed
configure:4499: checking whether gcc understands -c and -o together
configure:4521: gcc -c conftest.c -o conftest2.o
configure:4524: $? = 0
configure:4521: gcc -c conftest.c -o conftest2.o
configure:4524: $? = 0
configure:4536: result: yes
configure:4555: checking dependency style of gcc
configure:4666: result: gcc3
configure:4690: checking dependency style of gcc
configure:4799: result: gcc3
configure:4814: checking whether ln -s works
configure:4818: result: yes
configure:4854: checking build system type
configure:4868: result: x86_64-unknown-linux-gnu
configure:4888: checking host system type
configure:4901: result: x86_64-unknown-linux-gnu
configure:4942: checking how to print strings
configure:4969: result: printf
configure:4990: checking for a sed that does not truncate output
configure:5054: result: /usr/bin/sed
configure:5072: checking for grep that handles long lines and -e
configure:5130: result: /usr/bin/grep
configure:5135: checking for egrep
configure:5197: result: /usr/bin/grep -E
configure:5202: checking for fgrep
configure:5264: result: /usr/bin/grep -F
configure:5299: checking for ld used by gcc
configure:5366: result: /usr/bin/ld
configure:5373: checking if the linker (/usr/bin/ld) is GNU ld
configure:5388: result: yes
configure:5400: checking for BSD- or MS-compatible name lister (nm)
configure:5449: result: /usr/bin/nm -B
configure:5579: checking the name lister (/usr/bin/nm -B) interface
configure:5586: gcc -c -g -O2  conftest.c >&5
configure:5589: /usr/bin/nm -B "conftest.o"
configure:5592: output
0000000000000000 B some_variable
configure:5599: result: BSD nm
configure:5603: checking the maximum length of command line arguments
configure:5733: result: 1572864
configure:5750: checking whether the shell understands some XSI constructs
configure:5760: result: yes
configure:5764: checking whether the shell understands "+="
configure:5770: result: yes
configure:5805: checking how to convert x86_64-unknown-linux-gnu file names to x86_64-unknown-linux-gnu format
configure:5845: result: func_convert_file_noop
configure:5852: checking how to convert x86_64-unknown-linux-gnu file names to toolchain format
configure:5872: result: func_convert_file_noop
configure:5879: checking for /usr/bin/ld option to reload object files
configure:5886: result: -r
configure:5960: checking for objdump
configure:5976: found /usr/bin/objdump
configure:5987: result: objdump
configure:6019: checking how to recognize dependent libraries
configure:6221: result: pass_all
configure:6306: checking for dlltool
configure:6336: result: no
configure:6366: checking how to associate runtime and link libraries
configure:6393: result: printf %s\n
configure:6454: checking for ar
configure:6470: found /usr/bin/ar
configure:6481: result: ar
configure:6518: checking for archiver @FILE support
configure:6535: gcc -c -g -O2  conftest.c >&5
configure:6535: $? = 0
configure:6538: ar cru libconftest.a @conftest.lst >&5
configure:6541: $? = 0
configure:6546: ar cru libconftest.a @conftest.lst >&5
ar: conftest.o: No such file or directory
configure:6549: $? = 1
configure:6561: result: @
configure:6619: checking for strip
configure:6635: found /usr/bin/strip
configure:6646: result: strip
configure:6718: checking for ranlib
configure:6734: found /usr/bin/ranlib
configure:6745: result: ranlib
configure:6847: checking command to parse /usr/bin/nm -B output from gcc object
configure:6967: gcc -c -g -O2  conftest.c >&5
configure:6970: $? = 0
configure:6974: /usr/bin/nm -B conftest.o \| sed -n -e 's/^.*[ ]\([ABCDGIRSTW][ABCDGIRSTW]*\)[ ][ ]*\([_A-Za-z][_A-Za-z0-9]*\)$/\1 \2 \2/p' | sed '/ __gnu_lto/d' \> conftest.nm
configure:6977: $? = 0
configure:7043: gcc -o conftest -g -O2   conftest.c conftstm.o >&5
configure:7046: $? = 0
configure:7084: result: ok
configure:7121: checking for sysroot
configure:7151: result: no
configure:7228: gcc -c -g -O2  conftest.c >&5
configure:7231: $? = 0
configure:7413: checking for mt
configure:7443: result: no
configure:7463: checking if : is a manifest tool
configure:7469: : '-?'
configure:7477: result: no
configure:8119: checking how to run the C preprocessor
configure:8150: gcc -E  conftest.c
configure:8150: $? = 0
configure:8164: gcc -E  conftest.c
conftest.c:11:28: fatal error: ac_nonexistent.h: No such file or directory
 #include <ac_nonexistent.h>
                            ^
compilation terminated.
configure:8164: $? = 1
configure: failed program was:
| /* confdefs.h */
| #define PACKAGE_NAME "HelloX"
| #define PACKAGE_TARNAME "hellox"
| #define PACKAGE_VERSION "1.78"
| #define PACKAGE_STRING "HelloX 1.78"
| #define PACKAGE_BUGREPORT "BUG-REPORT-ADDRESS"
| #define PACKAGE_URL ""
| #define PACKAGE "hellox"
| #define VERSION "1.78"
| /* end confdefs.h.  */
| #include <ac_nonexistent.h>
configure:8189: result: gcc -E
configure:8209: gcc -E  conftest.c
configure:8209: $? = 0
configure:8223: gcc -E  conftest.c
conftest.c:11:28: fatal error: ac_nonexistent.h: No such file or directory
 #include <ac_nonexistent.h>
                            ^
compilation terminated.
configure:8223: $? = 1
configure: failed program was:
| /* confdefs.h */
| #define PACKAGE_NAME "HelloX"
| #define PACKAGE_TARNAME "hellox"
| #define PACKAGE_VERSION "1.78"
| #define PACKAGE_STRING "HelloX 1.78"
| #define PACKAGE_BUGREPORT "BUG-REPORT-ADDRESS"
| #define PACKAGE_URL ""
| #define PACKAGE "hellox"
| #define VERSION "1.78"
| /* end confdefs.h.  */
| #include <ac_nonexistent.h>
configure:8252: checking for ANSI C header files
configure:8272: gcc -c -g -O2  conftest.c >&5
configure:8272: $? = 0
configure:8345: gcc -o conftest -g -O2   conftest.c  >&5
configure:8345: $? = 0
configure:8345: ./conftest
configure:8345: $? = 0
configure:8356: result: yes
configure:8369: checking for sys/types.h
configure:8369: gcc -c -g -O2  conftest.c >&5
configure:8369: $? = 0
configure:8369: result: yes
configure:8369: checking for sys/stat.h
configure:8369: gcc -c -g -O2  conftest.c >&5
configure:8369: $? = 0
configure:8369: result: yes
configure:8369: checking for stdlib.h
configure:8369: gcc -c -g -O2  conftest.c >&5
configure:8369: $? = 0
configure:8369: result: yes
configure:8369: checking for string.h
configure:8369: gcc -c -g -O2  conftest.c >&5
configure:8369: $? = 0
configure:8369: result: yes
configure:8369: checking for memory.h
configure:8369: gcc -c -g -O2  conftest.c >&5
configure:8369: $? = 0
configure:8369: result: yes
configure:8369: checking for strings.h
configure:8369: gcc -c -g -O2  conftest.c >&5
configure:8369: $? = 0
configure:8369: result: yes
configure:8369: checking for inttypes.h
configure:8369: gcc -c -g -O2  conftest.c >&5
configure:8369: $? = 0
configure:8369: result: yes
configure:8369: checking for stdint.h
configure:8369: gcc -c -g -O2  conftest.c >&5
configure:8369: $? = 0
configure:8369: result: yes
configure:8369: checking for unistd.h
configure:8369: gcc -c -g -O2  conftest.c >&5
configure:8369: $? = 0
configure:8369: result: yes
configure:8383: checking for dlfcn.h
configure:8383: gcc -c -g -O2  conftest.c >&5
configure:8383: $? = 0
configure:8383: result: yes
configure:8600: checking for objdir
configure:8615: result: .libs
configure:8882: checking if gcc supports -fno-rtti -fno-exceptions
configure:8900: gcc -c -g -O2  -fno-rtti -fno-exceptions conftest.c >&5
cc1: warning: command line option '-fno-rtti' is valid for C++/ObjC++ but not for C
configure:8904: $? = 0
configure:8917: result: no
configure:9244: checking for gcc option to produce PIC
configure:9251: result: -fPIC -DPIC
configure:9259: checking if gcc PIC flag -fPIC -DPIC works
configure:9277: gcc -c -g -O2  -fPIC -DPIC -DPIC conftest.c >&5
configure:9281: $? = 0
configure:9294: result: yes
configure:9323: checking if gcc static flag -static works
configure:9351: result: yes
configure:9366: checking if gcc supports -c -o file.o
configure:9387: gcc -c -g -O2  -o out/conftest2.o conftest.c >&5
configure:9391: $? = 0
configure:9413: result: yes
configure:9421: checking if gcc supports -c -o file.o
configure:9468: result: yes
configure:9501: checking whether the gcc linker (/usr/bin/ld -m elf_x86_64) supports shared libraries
configure:10654: result: yes
configure:10691: checking whether -lc should be explicitly linked in
configure:10699: gcc -c -g -O2  conftest.c >&5
configure:10702: $? = 0
configure:10717: gcc -shared  -fPIC -DPIC conftest.o  -v -Wl,-soname -Wl,conftest -o conftest 2\>\&1 \| /usr/bin/grep  -lc  \>/dev/null 2\>\&1
configure:10720: $? = 0
configure:10734: result: no
configure:10894: checking dynamic linker characteristics
configure:11405: gcc -o conftest -g -O2   -Wl,-rpath -Wl,/foo conftest.c  >&5
configure:11405: $? = 0
configure:11631: result: GNU/Linux ld.so
configure:11738: checking how to hardcode library paths into programs
configure:11763: result: immediate
configure:12303: checking whether stripping libraries is possible
configure:12308: result: yes
configure:12343: checking if libtool supports shared libraries
configure:12345: result: yes
configure:12348: checking whether to build shared libraries
configure:12369: result: yes
configure:12372: checking whether to build static libraries
configure:12376: result: yes
configure:12399: checking how to run the C++ preprocessor
configure:12426: g++ -E  conftest.cpp
configure:12426: $? = 0
configure:12440: g++ -E  conftest.cpp
conftest.cpp:23:28: fatal error: ac_nonexistent.h: No such file or directory
 #include <ac_nonexistent.h>
                            ^
compilation terminated.
configure:12440: $? = 1
configure: failed program was:
| /* confdefs.h */
| #define PACKAGE_NAME "HelloX"
| #define PACKAGE_TARNAME "hellox"
| #define PACKAGE_VERSION "1.78"
| #define PACKAGE_STRING "HelloX 1.78"
| #define PACKAGE_BUGREPORT "BUG-REPORT-ADDRESS"
| #define PACKAGE_URL ""
| #define PACKAGE "hellox"
| #define VERSION "1.78"
| #define STDC_HEADERS 1
| #define HAVE_SYS_TYPES_H 1
| #define HAVE_SYS_STAT_H 1
| #define HAVE_STDLIB_H 1
| #define HAVE_STRING_H 1
| #define HAVE_MEMORY_H 1
| #define HAVE_STRINGS_H 1
| #define HAVE_INTTYPES_H 1
| #define HAVE_STDINT_H 1
| #define HAVE_UNISTD_H 1
| #define HAVE_DLFCN_H 1
| #define LT_OBJDIR ".libs/"
| /* end confdefs.h.  */
| #include <ac_nonexistent.h>
configure:12465: result: g++ -E
configure:12485: g++ -E  conftest.cpp
configure:12485: $? = 0
configure:12499: g++ -E  conftest.cpp
conftest.cpp:23:28: fatal error: ac_nonexistent.h: No such file or directory
 #include <ac_nonexistent.h>
                            ^
compilation terminated.
configure:12499: $? = 1
configure: failed program was:
| /* confdefs.h */
| #define PACKAGE_NAME "HelloX"
| #define PACKAGE_TARNAME "hellox"
| #define PACKAGE_VERSION "1.78"
| #define PACKAGE_STRING "HelloX 1.78"
| #define PACKAGE_BUGREPORT "BUG-REPORT-ADDRESS"
| #define PACKAGE_URL ""
| #define PACKAGE "hellox"
| #define VERSION "1.78"
| #define STDC_HEADERS 1
| #define HAVE_SYS_TYPES_H 1
| #define HAVE_SYS_STAT_H 1
| #define HAVE_STDLIB_H 1
| #define HAVE_STRING_H 1
| #define HAVE_MEMORY_H 1
| #define HAVE_STRINGS_H 1
| #define HAVE_INTTYPES_H 1
| #define HAVE_STDINT_H 1
| #define HAVE_UNISTD_H 1
| #define HAVE_DLFCN_H 1
| #define LT_OBJDIR ".libs/"
| /* end confdefs.h.  */
| #include <ac_nonexistent.h>
configure:12668: checking for ld used by g++
configure:12735: result: /usr/bin/ld -m elf_x86_64
configure:12742: checking if the linker (/usr/bin/ld -m elf_x86_64) is GNU ld
configure:12757: result: yes
configure:12812: checking whether the g++ linker (/usr/bin/ld -m elf_x86_64) supports shared libraries
configure:13817: result: yes
configure:13853: g++ -c -g -O2  conftest.cpp >&5
configure:13856: $? = 0
configure:14376: checking for g++ option to produce PIC
configure:14383: result: -fPIC -DPIC
configure:14391: checking if g++ PIC flag -fPIC -DPIC works
configure:14409: g++ -c -g -O2  -fPIC -DPIC -DPIC conftest.cpp >&5
configure:14413: $? = 0
configure:14426: result: yes
configure:14449: checking if g++ static flag -static works
configure:14477: result: no
configure:14489: checking if g++ supports -c -o file.o
configure:14510: g++ -c -g -O2  -o out/conftest2.o conftest.cpp >&5
configure:14514: $? = 0
configure:14536: result: yes
configure:14541: checking if g++ supports -c -o file.o
configure:14588: result: yes
configure:14618: checking whether the g++ linker (/usr/bin/ld -m elf_x86_64) supports shared libraries
configure:14654: result: yes
configure:14795: checking dynamic linker characteristics
configure:15466: result: GNU/Linux ld.so
configure:15519: checking how to hardcode library paths into programs
configure:15544: result: immediate
configure:15607: checking minix/config.h usability
configure:15607: gcc -c -g -O2  conftest.c >&5
conftest.c:56:26: fatal error: minix/config.h: No such file or directory
 #include <minix/config.h>
                          ^
compilation terminated.
configure:15607: $? = 1
configure: failed program was:
| /* confdefs.h */
| #define PACKAGE_NAME "HelloX"
| #define PACKAGE_TARNAME "hellox"
| #define PACKAGE_VERSION "1.78"
| #define PACKAGE_STRING "HelloX 1.78"
| #define PACKAGE_BUGREPORT "BUG-REPORT-ADDRESS"
| #define PACKAGE_URL ""
| #define PACKAGE "hellox"
| #define VERSION "1.78"
| #define STDC_HEADERS 1
| #define HAVE_SYS_TYPES_H 1
| #define HAVE_SYS_STAT_H 1
| #define HAVE_STDLIB_H 1
| #define HAVE_STRING_H 1
| #define HAVE_MEMORY_H 1
| #define HAVE_STRINGS_H 1
| #define HAVE_INTTYPES_H 1
| #define HAVE_STDINT_H 1
| #define HAVE_UNISTD_H 1
| #define HAVE_DLFCN_H 1
| #define LT_OBJDIR ".libs/"
| /* end confdefs.h.  */
| #include <stdio.h>
| #ifdef HAVE_SYS_TYPES_H
| # include <sys/types.h>
| #endif
| #ifdef HAVE_SYS_STAT_H
| # include <sys/stat.h>
| #endif
| #ifdef STDC_HEADERS
| # include <stdlib.h>
| # include <stddef.h>
| #else
| # ifdef HAVE_STDLIB_H
| #  include <stdlib.h>
| # endif
| #endif
| #ifdef HAVE_STRING_H
| # if !defined STDC_HEADERS && defined HAVE_MEMORY_H
| #  include <memory.h>
| # endif
| # include <string.h>
| #endif
| #ifdef HAVE_STRINGS_H
| # include <strings.h>
| #endif
| #ifdef HAVE_INTTYPES_H
| # include <inttypes.h>
| #endif
| #ifdef HAVE_STDINT_H
| # include <stdint.h>
| #endif
| #ifdef HAVE_UNISTD_H
| # include <unistd.h>
| #endif
| #include <minix/config.h>
configure:15607: result: no
configure:15607: checking minix/config.h presence
configure:15607: gcc -E  conftest.c
conftest.c:23:26: fatal error: minix/config.h: No such file or directory
 #include <minix/config.h>
                          ^
compilation terminated.
configure:15607: $? = 1
configure: failed program was:
| /* confdefs.h */
| #define PACKAGE_NAME "HelloX"
| #define PACKAGE_TARNAME "hellox"
| #define PACKAGE_VERSION "1.78"
| #define PACKAGE_STRING "HelloX 1.78"
| #define PACKAGE_BUGREPORT "BUG-REPORT-ADDRESS"
| #define PACKAGE_URL ""
| #define PACKAGE "hellox"
| #define VERSION "1.78"
| #define STDC_HEADERS 1
| #define HAVE_SYS_TYPES_H 1
| #define HAVE_SYS_STAT_H 1
| #define HAVE_STDLIB_H 1
| #define HAVE_STRING_H 1
| #define HAVE_MEMORY_H 1
| #define HAVE_STRINGS_H 1
| #define HAVE_INTTYPES_H 1
| #define HAVE_STDINT_H 1
| #define HAVE_UNISTD_H 1
| #define HAVE_DLFCN_H 1
| #define LT_OBJDIR ".libs/"
| /* end confdefs.h.  */
| #include <minix/config.h>
configure:15607: result: no
configure:15607: checking for minix/config.h
configure:15607: result: no
configure:15628: checking whether it is safe to define __EXTENSIONS__
configure:15646: gcc -c -g -O2  conftest.c >&5
configure:15646: $? = 0
configure:15653: result: yes
configure:15668: gcc -c -g -O2  conftest.c >&5
gcc: error: conftest.c: No such file or directory
gcc: fatal error: no input files
compilation terminated.
configure:15668: $? = 4
configure: failed program was:
configure:15689: checking for size_t
configure:15689: gcc -c -g -O2  conftest.c >&5
configure:15689: $? = 0
configure:15689: gcc -c -g -O2  conftest.c >&5
conftest.c: In function 'main':
conftest.c:64:21: error: expected expression before ')' token
 if (sizeof ((size_t)))
                     ^
configure:15689: $? = 1
configure: failed program was:
| /* confdefs.h */
| #define PACKAGE_NAME "HelloX"
| #define PACKAGE_TARNAME "hellox"
| #define PACKAGE_VERSION "1.78"
| #define PACKAGE_STRING "HelloX 1.78"
| #define PACKAGE_BUGREPORT "BUG-REPORT-ADDRESS"
| #define PACKAGE_URL ""
| #define PACKAGE "hellox"
| #define VERSION "1.78"
| #define STDC_HEADERS 1
| #define HAVE_SYS_TYPES_H 1
| #define HAVE_SYS_STAT_H 1
| #define HAVE_STDLIB_H 1
| #define HAVE_STRING_H 1
| #define HAVE_MEMORY_H 1
| #define HAVE_STRINGS_H 1
| #define HAVE_INTTYPES_H 1
| #define HAVE_STDINT_H 1
| #define HAVE_UNISTD_H 1
| #define HAVE_DLFCN_H 1
| #define LT_OBJDIR ".libs/"
| #define __EXTENSIONS__ 1
| #define _ALL_SOURCE 1
| #define _GNU_SOURCE 1
| #define _POSIX_PTHREAD_SEMANTICS 1
| #define _TANDEM_SOURCE 1
| /* end confdefs.h.  */
| #include <stdio.h>
| #ifdef HAVE_SYS_TYPES_H
| # include <sys/types.h>
| #endif
| #ifdef HAVE_SYS_STAT_H
| # include <sys/stat.h>
| #endif
| #ifdef STDC_HEADERS
| # include <stdlib.h>
| # include <stddef.h>
| #else
| # ifdef HAVE_STDLIB_H
| #  include <stdlib.h>
| # endif
| #endif
| #ifdef HAVE_STRING_H
| # if !defined STDC_HEADERS && defined HAVE_MEMORY_H
| #  include <memory.h>
| # endif
| # include <string.h>
| #endif
| #ifdef HAVE_STRINGS_H
| # include <strings.h>
| #endif
| #ifdef HAVE_INTTYPES_H
| # include <inttypes.h>
| #endif
| #ifdef HAVE_STDINT_H
| # include <stdint.h>
| #endif
| #ifdef HAVE_UNISTD_H
| # include <unistd.h>
| #endif
| int
| main ()
| {
| if (sizeof ((size_t)))
| 	    return 0;
|   ;
|   return 0;
| }
configure:15689: result: yes
configure:15702: checking for working alloca.h
configure:15719: gcc -o conftest -g -O2   conftest.c  >&5
configure:15719: $? = 0
configure:15727: result: yes
configure:15735: checking for alloca
configure:15772: gcc -o conftest -g -O2   conftest.c  >&5
configure:15772: $? = 0
configure:15780: result: yes
configure:15889: checking arpa/inet.h usability
configure:15889: gcc -c -g -O2  conftest.c >&5
configure:15889: $? = 0
configure:15889: result: yes
configure:15889: checking arpa/inet.h presence
configure:15889: gcc -E  conftest.c
configure:15889: $? = 0
configure:15889: result: yes
configure:15889: checking for arpa/inet.h
configure:15889: result: yes
configure:15889: checking fcntl.h usability
configure:15889: gcc -c -g -O2  conftest.c >&5
configure:15889: $? = 0
configure:15889: result: yes
configure:15889: checking fcntl.h presence
configure:15889: gcc -E  conftest.c
configure:15889: $? = 0
configure:15889: result: yes
configure:15889: checking for fcntl.h
configure:15889: result: yes
configure:15889: checking for inttypes.h
configure:15889: result: yes
configure:15889: checking limits.h usability
configure:15889: gcc -c -g -O2  conftest.c >&5
configure:15889: $? = 0
configure:15889: result: yes
configure:15889: checking limits.h presence
configure:15889: gcc -E  conftest.c
configure:15889: $? = 0
configure:15889: result: yes
configure:15889: checking for limits.h
configure:15889: result: yes
configure:15889: checking locale.h usability
configure:15889: gcc -c -g -O2  conftest.c >&5
configure:15889: $? = 0
configure:15889: result: yes
configure:15889: checking locale.h presence
configure:15889: gcc -E  conftest.c
configure:15889: $? = 0
configure:15889: result: yes
configure:15889: checking for locale.h
configure:15889: result: yes
configure:15889: checking malloc.h usability
configure:15889: gcc -c -g -O2  conftest.c >&5
configure:15889: $? = 0
configure:15889: result: yes
configure:15889: checking malloc.h presence
configure:15889: gcc -E  conftest.c
configure:15889: $? = 0
configure:15889: result: yes
configure:15889: checking for malloc.h
configure:15889: result: yes
configure:15889: checking for memory.h
configure:15889: result: yes
configure:15889: checking stddef.h usability
configure:15889: gcc -c -g -O2  conftest.c >&5
configure:15889: $? = 0
configure:15889: result: yes
configure:15889: checking stddef.h presence
configure:15889: gcc -E  conftest.c
configure:15889: $? = 0
configure:15889: result: yes
configure:15889: checking for stddef.h
configure:15889: result: yes
configure:15889: checking for stdint.h
configure:15889: result: yes
configure:15889: checking for stdlib.h
configure:15889: result: yes
configure:15889: checking for string.h
configure:15889: result: yes
configure:15889: checking sys/param.h usability
configure:15889: gcc -c -g -O2  conftest.c >&5
configure:15889: $? = 0
configure:15889: result: yes
configure:15889: checking sys/param.h presence
configure:15889: gcc -E  conftest.c
configure:15889: $? = 0
configure:15889: result: yes
configure:15889: checking for sys/param.h
configure:15889: result: yes
configure:15889: checking for unistd.h
configure:15889: result: yes
configure:15901: checking for stdbool.h that conforms to C99
configure:15968: gcc -c -g -O2  conftest.c >&5
configure:15968: $? = 0
configure:15975: result: yes
configure:15977: checking for _Bool
configure:15977: gcc -c -g -O2  conftest.c >&5
configure:15977: $? = 0
configure:15977: gcc -c -g -O2  conftest.c >&5
conftest.c: In function 'main':
conftest.c:79:20: error: expected expression before ')' token
 if (sizeof ((_Bool)))
                    ^
configure:15977: $? = 1
configure: failed program was:
| /* confdefs.h */
| #define PACKAGE_NAME "HelloX"
| #define PACKAGE_TARNAME "hellox"
| #define PACKAGE_VERSION "1.78"
| #define PACKAGE_STRING "HelloX 1.78"
| #define PACKAGE_BUGREPORT "BUG-REPORT-ADDRESS"
| #define PACKAGE_URL ""
| #define PACKAGE "hellox"
| #define VERSION "1.78"
| #define STDC_HEADERS 1
| #define HAVE_SYS_TYPES_H 1
| #define HAVE_SYS_STAT_H 1
| #define HAVE_STDLIB_H 1
| #define HAVE_STRING_H 1
| #define HAVE_MEMORY_H 1
| #define HAVE_STRINGS_H 1
| #define HAVE_INTTYPES_H 1
| #define HAVE_STDINT_H 1
| #define HAVE_UNISTD_H 1
| #define HAVE_DLFCN_H 1
| #define LT_OBJDIR ".libs/"
| #define __EXTENSIONS__ 1
| #define _ALL_SOURCE 1
| #define _GNU_SOURCE 1
| #define _POSIX_PTHREAD_SEMANTICS 1
| #define _TANDEM_SOURCE 1
| #define HAVE_ALLOCA_H 1
| #define HAVE_ALLOCA 1
| #define HAVE_ARPA_INET_H 1
| #define HAVE_FCNTL_H 1
| #define HAVE_INTTYPES_H 1
| #define HAVE_LIMITS_H 1
| #define HAVE_LOCALE_H 1
| #define HAVE_MALLOC_H 1
| #define HAVE_MEMORY_H 1
| #define HAVE_STDDEF_H 1
| #define HAVE_STDINT_H 1
| #define HAVE_STDLIB_H 1
| #define HAVE_STRING_H 1
| #define HAVE_SYS_PARAM_H 1
| #define HAVE_UNISTD_H 1
| /* end confdefs.h.  */
| #include <stdio.h>
| #ifdef HAVE_SYS_TYPES_H
| # include <sys/types.h>
| #endif
| #ifdef HAVE_SYS_STAT_H
| # include <sys/stat.h>
| #endif
| #ifdef STDC_HEADERS
| # include <stdlib.h>
| # include <stddef.h>
| #else
| # ifdef HAVE_STDLIB_H
| #  include <stdlib.h>
| # endif
| #endif
| #ifdef HAVE_STRING_H
| # if !defined STDC_HEADERS && defined HAVE_MEMORY_H
| #  include <memory.h>
| # endif
| # include <string.h>
| #endif
| #ifdef HAVE_STRINGS_H
| # include <strings.h>
| #endif
| #ifdef HAVE_INTTYPES_H
| # include <inttypes.h>
| #endif
| #ifdef HAVE_STDINT_H
| # include <stdint.h>
| #endif
| #ifdef HAVE_UNISTD_H
| # include <unistd.h>
| #endif
| int
| main ()
| {
| if (sizeof ((_Bool)))
| 	    return 0;
|   ;
|   return 0;
| }
configure:15977: result: yes
configure:15988: checking for inline
configure:16004: gcc -c -g -O2  conftest.c >&5
configure:16004: $? = 0
configure:16012: result: inline
configure:16030: checking for int16_t
configure:16030: gcc -c -g -O2  conftest.c >&5
configure:16030: $? = 0
configure:16030: gcc -c -g -O2  conftest.c >&5
conftest.c: In function 'main':
conftest.c:81:12: error: size of array 'test_array' is negative
 static int test_array [1 - 2 * !((int16_t) (((((int16_t) 1 << N) << N) - 1) * 2 + 1)
            ^
configure:16030: $? = 1
configure: failed program was:
| /* confdefs.h */
| #define PACKAGE_NAME "HelloX"
| #define PACKAGE_TARNAME "hellox"
| #define PACKAGE_VERSION "1.78"
| #define PACKAGE_STRING "HelloX 1.78"
| #define PACKAGE_BUGREPORT "BUG-REPORT-ADDRESS"
| #define PACKAGE_URL ""
| #define PACKAGE "hellox"
| #define VERSION "1.78"
| #define STDC_HEADERS 1
| #define HAVE_SYS_TYPES_H 1
| #define HAVE_SYS_STAT_H 1
| #define HAVE_STDLIB_H 1
| #define HAVE_STRING_H 1
| #define HAVE_MEMORY_H 1
| #define HAVE_STRINGS_H 1
| #define HAVE_INTTYPES_H 1
| #define HAVE_STDINT_H 1
| #define HAVE_UNISTD_H 1
| #define HAVE_DLFCN_H 1
| #define LT_OBJDIR ".libs/"
| #define __EXTENSIONS__ 1
| #define _ALL_SOURCE 1
| #define _GNU_SOURCE 1
| #define _POSIX_PTHREAD_SEMANTICS 1
| #define _TANDEM_SOURCE 1
| #define HAVE_ALLOCA_H 1
| #define HAVE_ALLOCA 1
| #define HAVE_ARPA_INET_H 1
| #define HAVE_FCNTL_H 1
| #define HAVE_INTTYPES_H 1
| #define HAVE_LIMITS_H 1
| #define HAVE_LOCALE_H 1
| #define HAVE_MALLOC_H 1
| #define HAVE_MEMORY_H 1
| #define HAVE_STDDEF_H 1
| #define HAVE_STDINT_H 1
| #define HAVE_STDLIB_H 1
| #define HAVE_STRING_H 1
| #define HAVE_SYS_PARAM_H 1
| #define HAVE_UNISTD_H 1
| #define HAVE__BOOL 1
| /* end confdefs.h.  */
| #include <stdio.h>
| #ifdef HAVE_SYS_TYPES_H
| # include <sys/types.h>
| #endif
| #ifdef HAVE_SYS_STAT_H
| # include <sys/stat.h>
| #endif
| #ifdef STDC_HEADERS
| # include <stdlib.h>
| # include <stddef.h>
| #else
| # ifdef HAVE_STDLIB_H
| #  include <stdlib.h>
| # endif
| #endif
| #ifdef HAVE_STRING_H
| # if !defined STDC_HEADERS && defined HAVE_MEMORY_H
| #  include <memory.h>
| # endif
| # include <string.h>
| #endif
| #ifdef HAVE_STRINGS_H
| # include <strings.h>
| #endif
| #ifdef HAVE_INTTYPES_H
| # include <inttypes.h>
| #endif
| #ifdef HAVE_STDINT_H
| # include <stdint.h>
| #endif
| #ifdef HAVE_UNISTD_H
| # include <unistd.h>
| #endif
| 	        enum { N = 16 / 2 - 1 };
| int
| main ()
| {
| static int test_array [1 - 2 * !((int16_t) (((((int16_t) 1 << N) << N) - 1) * 2 + 1)
| 		 < (int16_t) (((((int16_t) 1 << N) << N) - 1) * 2 + 2))];
| test_array [0] = 0;
| return test_array [0];
| 
|   ;
|   return 0;
| }
configure:16030: result: yes
configure:16041: checking for int32_t
configure:16041: gcc -c -g -O2  conftest.c >&5
configure:16041: $? = 0
configure:16041: gcc -c -g -O2  conftest.c >&5
conftest.c: In function 'main':
conftest.c:82:53: warning: integer overflow in expression [-Woverflow]
    < (int32_t) (((((int32_t) 1 << N) << N) - 1) * 2 + 2))];
                                                     ^
conftest.c:81:12: error: storage size of 'test_array' isn't constant
 static int test_array [1 - 2 * !((int32_t) (((((int32_t) 1 << N) << N) - 1) * 2 + 1)
            ^
configure:16041: $? = 1
configure: failed program was:
| /* confdefs.h */
| #define PACKAGE_NAME "HelloX"
| #define PACKAGE_TARNAME "hellox"
| #define PACKAGE_VERSION "1.78"
| #define PACKAGE_STRING "HelloX 1.78"
| #define PACKAGE_BUGREPORT "BUG-REPORT-ADDRESS"
| #define PACKAGE_URL ""
| #define PACKAGE "hellox"
| #define VERSION "1.78"
| #define STDC_HEADERS 1
| #define HAVE_SYS_TYPES_H 1
| #define HAVE_SYS_STAT_H 1
| #define HAVE_STDLIB_H 1
| #define HAVE_STRING_H 1
| #define HAVE_MEMORY_H 1
| #define HAVE_STRINGS_H 1
| #define HAVE_INTTYPES_H 1
| #define HAVE_STDINT_H 1
| #define HAVE_UNISTD_H 1
| #define HAVE_DLFCN_H 1
| #define LT_OBJDIR ".libs/"
| #define __EXTENSIONS__ 1
| #define _ALL_SOURCE 1
| #define _GNU_SOURCE 1
| #define _POSIX_PTHREAD_SEMANTICS 1
| #define _TANDEM_SOURCE 1
| #define HAVE_ALLOCA_H 1
| #define HAVE_ALLOCA 1
| #define HAVE_ARPA_INET_H 1
| #define HAVE_FCNTL_H 1
| #define HAVE_INTTYPES_H 1
| #define HAVE_LIMITS_H 1
| #define HAVE_LOCALE_H 1
| #define HAVE_MALLOC_H 1
| #define HAVE_MEMORY_H 1
| #define HAVE_STDDEF_H 1
| #define HAVE_STDINT_H 1
| #define HAVE_STDLIB_H 1
| #define HAVE_STRING_H 1
| #define HAVE_SYS_PARAM_H 1
| #define HAVE_UNISTD_H 1
| #define HAVE__BOOL 1
| /* end confdefs.h.  */
| #include <stdio.h>
| #ifdef HAVE_SYS_TYPES_H
| # include <sys/types.h>
| #endif
| #ifdef HAVE_SYS_STAT_H
| # include <sys/stat.h>
| #endif
| #ifdef STDC_HEADERS
| # include <stdlib.h>
| # include <stddef.h>
| #else
| # ifdef HAVE_STDLIB_H
| #  include <stdlib.h>
| # endif
| #endif
| #ifdef HAVE_STRING_H
| # if !defined STDC_HEADERS && defined HAVE_MEMORY_H
| #  include <memory.h>
| # endif
| # include <string.h>
| #endif
| #ifdef HAVE_STRINGS_H
| # include <strings.h>
| #endif
| #ifdef HAVE_INTTYPES_H
| # include <inttypes.h>
| #endif
| #ifdef HAVE_STDINT_H
| # include <stdint.h>
| #endif
| #ifdef HAVE_UNISTD_H
| # include <unistd.h>
| #endif
| 	        enum { N = 32 / 2 - 1 };
| int
| main ()
| {
| static int test_array [1 - 2 * !((int32_t) (((((int32_t) 1 << N) << N) - 1) * 2 + 1)
| 		 < (int32_t) (((((int32_t) 1 << N) << N) - 1) * 2 + 2))];
| test_array [0] = 0;
| return test_array [0];
| 
|   ;
|   return 0;
| }
configure:16041: result: yes
configure:16052: checking for int64_t
configure:16052: gcc -c -g -O2  conftest.c >&5
configure:16052: $? = 0
configure:16052: gcc -c -g -O2  conftest.c >&5
conftest.c: In function 'main':
conftest.c:82:53: warning: integer overflow in expression [-Woverflow]
    < (int64_t) (((((int64_t) 1 << N) << N) - 1) * 2 + 2))];
                                                     ^
conftest.c:81:12: error: storage size of 'test_array' isn't constant
 static int test_array [1 - 2 * !((int64_t) (((((int64_t) 1 << N) << N) - 1) * 2 + 1)
            ^
configure:16052: $? = 1
configure: failed program was:
| /* confdefs.h */
| #define PACKAGE_NAME "HelloX"
| #define PACKAGE_TARNAME "hellox"
| #define PACKAGE_VERSION "1.78"
| #define PACKAGE_STRING "HelloX 1.78"
| #define PACKAGE_BUGREPORT "BUG-REPORT-ADDRESS"
| #define PACKAGE_URL ""
| #define PACKAGE "hellox"
| #define VERSION "1.78"
| #define STDC_HEADERS 1
| #define HAVE_SYS_TYPES_H 1
| #define HAVE_SYS_STAT_H 1
| #define HAVE_STDLIB_H 1
| #define HAVE_STRING_H 1
| #define HAVE_MEMORY_H 1
| #define HAVE_STRINGS_H 1
| #define HAVE_INTTYPES_H 1
| #define HAVE_STDINT_H 1
| #define HAVE_UNISTD_H 1
| #define HAVE_DLFCN_H 1
| #define LT_OBJDIR ".libs/"
| #define __EXTENSIONS__ 1
| #define _ALL_SOURCE 1
| #define _GNU_SOURCE 1
| #define _POSIX_PTHREAD_SEMANTICS 1
| #define _TANDEM_SOURCE 1
| #define HAVE_ALLOCA_H 1
| #define HAVE_ALLOCA 1
| #define HAVE_ARPA_INET_H 1
| #define HAVE_FCNTL_H 1
| #define HAVE_INTTYPES_H 1
| #define HAVE_LIMITS_H 1
| #define HAVE_LOCALE_H 1
| #define HAVE_MALLOC_H 1
| #define HAVE_MEMORY_H 1
| #define HAVE_STDDEF_H 1
| #define HAVE_STDINT_H 1
| #define HAVE_STDLIB_H 1
| #define HAVE_STRING_H 1
| #define HAVE_SYS_PARAM_H 1
| #define HAVE_UNISTD_H 1
| #define HAVE__BOOL 1
| /* end confdefs.h.  */
| #include <stdio.h>
| #ifdef HAVE_SYS_TYPES_H
| # include <sys/types.h>
| #endif
| #ifdef HAVE_SYS_STAT_H
| # include <sys/stat.h>
| #endif
| #ifdef STDC_HEADERS
| # include <stdlib.h>
| # include <stddef.h>
| #else
| # ifdef HAVE_STDLIB_H
| #  include <stdlib.h>
| # endif
| #endif
| #ifdef HAVE_STRING_H
| # if !defined STDC_HEADERS && defined HAVE_MEMORY_H
| #  include <memory.h>
| # endif
| # include <string.h>
| #endif
| #ifdef HAVE_STRINGS_H
| # include <strings.h>
| #endif
| #ifdef HAVE_INTTYPES_H
| # include <inttypes.h>
| #endif
| #ifdef HAVE_STDINT_H
| # include <stdint.h>
| #endif
| #ifdef HAVE_UNISTD_H
| # include <unistd.h>
| #endif
| 	        enum { N = 64 / 2 - 1 };
| int
| main ()
| {
| static int test_array [1 - 2 * !((int64_t) (((((int64_t) 1 << N) << N) - 1) * 2 + 1)
| 		 < (int64_t) (((((int64_t) 1 << N) << N) - 1) * 2 + 2))];
| test_array [0] = 0;
| return test_array [0];
| 
|   ;
|   return 0;
| }
configure:16052: result: yes
configure:16063: checking for int8_t
configure:16063: gcc -c -g -O2  conftest.c >&5
configure:16063: $? = 0
configure:16063: gcc -c -g -O2  conftest.c >&5
conftest.c: In function 'main':
conftest.c:81:12: error: size of array 'test_array' is negative
 static int test_array [1 - 2 * !((int8_t) (((((int8_t) 1 << N) << N) - 1) * 2 + 1)
            ^
configure:16063: $? = 1
configure: failed program was:
| /* confdefs.h */
| #define PACKAGE_NAME "HelloX"
| #define PACKAGE_TARNAME "hellox"
| #define PACKAGE_VERSION "1.78"
| #define PACKAGE_STRING "HelloX 1.78"
| #define PACKAGE_BUGREPORT "BUG-REPORT-ADDRESS"
| #define PACKAGE_URL ""
| #define PACKAGE "hellox"
| #define VERSION "1.78"
| #define STDC_HEADERS 1
| #define HAVE_SYS_TYPES_H 1
| #define HAVE_SYS_STAT_H 1
| #define HAVE_STDLIB_H 1
| #define HAVE_STRING_H 1
| #define HAVE_MEMORY_H 1
| #define HAVE_STRINGS_H 1
| #define HAVE_INTTYPES_H 1
| #define HAVE_STDINT_H 1
| #define HAVE_UNISTD_H 1
| #define HAVE_DLFCN_H 1
| #define LT_OBJDIR ".libs/"
| #define __EXTENSIONS__ 1
| #define _ALL_SOURCE 1
| #define _GNU_SOURCE 1
| #define _POSIX_PTHREAD_SEMANTICS 1
| #define _TANDEM_SOURCE 1
| #define HAVE_ALLOCA_H 1
| #define HAVE_ALLOCA 1
| #define HAVE_ARPA_INET_H 1
| #define HAVE_FCNTL_H 1
| #define HAVE_INTTYPES_H 1
| #define HAVE_LIMITS_H 1
| #define HAVE_LOCALE_H 1
| #define HAVE_MALLOC_H 1
| #define HAVE_MEMORY_H 1
| #define HAVE_STDDEF_H 1
| #define HAVE_STDINT_H 1
| #define HAVE_STDLIB_H 1
| #define HAVE_STRING_H 1
| #define HAVE_SYS_PARAM_H 1
| #define HAVE_UNISTD_H 1
| #define HAVE__BOOL 1
| /* end confdefs.h.  */
| #include <stdio.h>
| #ifdef HAVE_SYS_TYPES_H
| # include <sys/types.h>
| #endif
| #ifdef HAVE_SYS_STAT_H
| # include <sys/stat.h>
| #endif
| #ifdef STDC_HEADERS
| # include <stdlib.h>
| # include <stddef.h>
| #else
| # ifdef HAVE_STDLIB_H
| #  include <stdlib.h>
| # endif
| #endif
| #ifdef HAVE_STRING_H
| # if !defined STDC_HEADERS && defined HAVE_MEMORY_H
| #  include <memory.h>
| # endif
| # include <string.h>
| #endif
| #ifdef HAVE_STRINGS_H
| # include <strings.h>
| #endif
| #ifdef HAVE_INTTYPES_H
| # include <inttypes.h>
| #endif
| #ifdef HAVE_STDINT_H
| # include <stdint.h>
| #endif
| #ifdef HAVE_UNISTD_H
| # include <unistd.h>
| #endif
| 	        enum { N = 8 / 2 - 1 };
| int
| main ()
| {
| static int test_array [1 - 2 * !((int8_t) (((((int8_t) 1 << N) << N) - 1) * 2 + 1)
| 		 < (int8_t) (((((int8_t) 1 << N) << N) - 1) * 2 + 2))];
| test_array [0] = 0;
| return test_array [0];
| 
|   ;
|   return 0;
| }
configure:16063: result: yes
configure:16074: checking for off_t
configure:16074: gcc -c -g -O2  conftest.c >&5
configure:16074: $? = 0
configure:16074: gcc -c -g -O2  conftest.c >&5
conftest.c: In function 'main':
conftest.c:80:20: error: expected expression before ')' token
 if (sizeof ((off_t)))
                    ^
configure:16074: $? = 1
configure: failed program was:
| /* confdefs.h */
| #define PACKAGE_NAME "HelloX"
| #define PACKAGE_TARNAME "hellox"
| #define PACKAGE_VERSION "1.78"
| #define PACKAGE_STRING "HelloX 1.78"
| #define PACKAGE_BUGREPORT "BUG-REPORT-ADDRESS"
| #define PACKAGE_URL ""
| #define PACKAGE "hellox"
| #define VERSION "1.78"
| #define STDC_HEADERS 1
| #define HAVE_SYS_TYPES_H 1
| #define HAVE_SYS_STAT_H 1
| #define HAVE_STDLIB_H 1
| #define HAVE_STRING_H 1
| #define HAVE_MEMORY_H 1
| #define HAVE_STRINGS_H 1
| #define HAVE_INTTYPES_H 1
| #define HAVE_STDINT_H 1
| #define HAVE_UNISTD_H 1
| #define HAVE_DLFCN_H 1
| #define LT_OBJDIR ".libs/"
| #define __EXTENSIONS__ 1
| #define _ALL_SOURCE 1
| #define _GNU_SOURCE 1
| #define _POSIX_PTHREAD_SEMANTICS 1
| #define _TANDEM_SOURCE 1
| #define HAVE_ALLOCA_H 1
| #define HAVE_ALLOCA 1
| #define HAVE_ARPA_INET_H 1
| #define HAVE_FCNTL_H 1
| #define HAVE_INTTYPES_H 1
| #define HAVE_LIMITS_H 1
| #define HAVE_LOCALE_H 1
| #define HAVE_MALLOC_H 1
| #define HAVE_MEMORY_H 1
| #define HAVE_STDDEF_H 1
| #define HAVE_STDINT_H 1
| #define HAVE_STDLIB_H 1
| #define HAVE_STRING_H 1
| #define HAVE_SYS_PARAM_H 1
| #define HAVE_UNISTD_H 1
| #define HAVE__BOOL 1
| /* end confdefs.h.  */
| #include <stdio.h>
| #ifdef HAVE_SYS_TYPES_H
| # include <sys/types.h>
| #endif
| #ifdef HAVE_SYS_STAT_H
| # include <sys/stat.h>
| #endif
| #ifdef STDC_HEADERS
| # include <stdlib.h>
| # include <stddef.h>
| #else
| # ifdef HAVE_STDLIB_H
| #  include <stdlib.h>
| # endif
| #endif
| #ifdef HAVE_STRING_H
| # if !defined STDC_HEADERS && defined HAVE_MEMORY_H
| #  include <memory.h>
| # endif
| # include <string.h>
| #endif
| #ifdef HAVE_STRINGS_H
| # include <strings.h>
| #endif
| #ifdef HAVE_INTTYPES_H
| # include <inttypes.h>
| #endif
| #ifdef HAVE_STDINT_H
| # include <stdint.h>
| #endif
| #ifdef HAVE_UNISTD_H
| # include <unistd.h>
| #endif
| int
| main ()
| {
| if (sizeof ((off_t)))
| 	    return 0;
|   ;
|   return 0;
| }
configure:16074: result: yes
configure:16085: checking for pid_t
configure:16085: gcc -c -g -O2  conftest.c >&5
configure:16085: $? = 0
configure:16085: gcc -c -g -O2  conftest.c >&5
conftest.c: In function 'main':
conftest.c:80:20: error: expected expression before ')' token
 if (sizeof ((pid_t)))
                    ^
configure:16085: $? = 1
configure: failed program was:
| /* confdefs.h */
| #define PACKAGE_NAME "HelloX"
| #define PACKAGE_TARNAME "hellox"
| #define PACKAGE_VERSION "1.78"
| #define PACKAGE_STRING "HelloX 1.78"
| #define PACKAGE_BUGREPORT "BUG-REPORT-ADDRESS"
| #define PACKAGE_URL ""
| #define PACKAGE "hellox"
| #define VERSION "1.78"
| #define STDC_HEADERS 1
| #define HAVE_SYS_TYPES_H 1
| #define HAVE_SYS_STAT_H 1
| #define HAVE_STDLIB_H 1
| #define HAVE_STRING_H 1
| #define HAVE_MEMORY_H 1
| #define HAVE_STRINGS_H 1
| #define HAVE_INTTYPES_H 1
| #define HAVE_STDINT_H 1
| #define HAVE_UNISTD_H 1
| #define HAVE_DLFCN_H 1
| #define LT_OBJDIR ".libs/"
| #define __EXTENSIONS__ 1
| #define _ALL_SOURCE 1
| #define _GNU_SOURCE 1
| #define _POSIX_PTHREAD_SEMANTICS 1
| #define _TANDEM_SOURCE 1
| #define HAVE_ALLOCA_H 1
| #define HAVE_ALLOCA 1
| #define HAVE_ARPA_INET_H 1
| #define HAVE_FCNTL_H 1
| #define HAVE_INTTYPES_H 1
| #define HAVE_LIMITS_H 1
| #define HAVE_LOCALE_H 1
| #define HAVE_MALLOC_H 1
| #define HAVE_MEMORY_H 1
| #define HAVE_STDDEF_H 1
| #define HAVE_STDINT_H 1
| #define HAVE_STDLIB_H 1
| #define HAVE_STRING_H 1
| #define HAVE_SYS_PARAM_H 1
| #define HAVE_UNISTD_H 1
| #define HAVE__BOOL 1
| /* end confdefs.h.  */
| #include <stdio.h>
| #ifdef HAVE_SYS_TYPES_H
| # include <sys/types.h>
| #endif
| #ifdef HAVE_SYS_STAT_H
| # include <sys/stat.h>
| #endif
| #ifdef STDC_HEADERS
| # include <stdlib.h>
| # include <stddef.h>
| #else
| # ifdef HAVE_STDLIB_H
| #  include <stdlib.h>
| # endif
| #endif
| #ifdef HAVE_STRING_H
| # if !defined STDC_HEADERS && defined HAVE_MEMORY_H
| #  include <memory.h>
| # endif
| # include <string.h>
| #endif
| #ifdef HAVE_STRINGS_H
| # include <strings.h>
| #endif
| #ifdef HAVE_INTTYPES_H
| # include <inttypes.h>
| #endif
| #ifdef HAVE_STDINT_H
| # include <stdint.h>
| #endif
| #ifdef HAVE_UNISTD_H
| # include <unistd.h>
| #endif
| int
| main ()
| {
| if (sizeof ((pid_t)))
| 	    return 0;
|   ;
|   return 0;
| }
configure:16085: result: yes
configure:16096: checking for C/C++ restrict keyword
configure:16121: gcc -c -g -O2  conftest.c >&5
configure:16121: $? = 0
configure:16129: result: __restrict
configure:16142: checking for size_t
configure:16142: result: yes
configure:16153: checking for struct stat.st_rdev
configure:16153: gcc -c -g -O2  conftest.c >&5
configure:16153: $? = 0
configure:16153: result: yes
configure:16163: checking for uid_t in sys/types.h
configure:16182: result: yes
configure:16193: checking for uint16_t
configure:16193: gcc -c -g -O2  conftest.c >&5
configure:16193: $? = 0
configure:16193: result: yes
configure:16205: checking for uint32_t
configure:16205: gcc -c -g -O2  conftest.c >&5
configure:16205: $? = 0
configure:16205: result: yes
configure:16219: checking for uint64_t
configure:16219: gcc -c -g -O2  conftest.c >&5
configure:16219: $? = 0
configure:16219: result: yes
configure:16233: checking for uint8_t
configure:16233: gcc -c -g -O2  conftest.c >&5
configure:16233: $? = 0
configure:16233: result: yes
configure:16251: checking for stdlib.h
configure:16251: result: yes
configure:16261: checking for GNU libc compatible malloc
configure:16285: gcc -o conftest -g -O2   conftest.c  >&5
configure:16285: $? = 0
configure:16285: ./conftest
configure:16285: $? = 0
configure:16295: result: yes
configure:16322: checking for stdlib.h
configure:16322: result: yes
configure:16322: checking for unistd.h
configure:16322: result: yes
configure:16322: checking for sys/param.h
configure:16322: result: yes
configure:16342: checking for getpagesize
configure:16342: gcc -o conftest -g -O2   conftest.c  >&5
configure:16342: $? = 0
configure:16342: result: yes
configure:16351: checking for working mmap
configure:16498: gcc -o conftest -g -O2   conftest.c  >&5
configure:16498: $? = 0
configure:16498: ./conftest
configure:16498: $? = 0
configure:16508: result: yes
configure:16519: checking for stdlib.h
configure:16519: result: yes
configure:16529: checking for GNU libc compatible realloc
configure:16553: gcc -o conftest -g -O2   conftest.c  >&5
configure:16553: $? = 0
configure:16553: ./conftest
configure:16553: $? = 0
configure:16563: result: yes
configure:16584: checking whether strerror_r is declared
configure:16584: gcc -c -g -O2  conftest.c >&5
configure:16584: $? = 0
configure:16584: result: yes
configure:16597: checking for strerror_r
configure:16597: gcc -o conftest -g -O2   conftest.c  >&5
configure:16597: $? = 0
configure:16597: result: yes
configure:16606: checking whether strerror_r returns char *
configure:16630: gcc -c -g -O2  conftest.c >&5
configure:16630: $? = 0
configure:16668: result: yes
configure:16676: checking for working strnlen
configure:16714: gcc -o conftest -g -O2   conftest.c  >&5
configure:16714: $? = 0
configure:16714: ./conftest
configure:16714: $? = 0
configure:16724: result: yes
configure:16736: checking for dup2
configure:16736: gcc -o conftest -g -O2   conftest.c  >&5
configure:16736: $? = 0
configure:16736: result: yes
configure:16736: checking for floor
configure:16736: gcc -o conftest -g -O2   conftest.c  >&5
conftest.c:82:6: warning: conflicting types for built-in function 'floor'
 char floor ();
      ^
/tmp/ccTPpfl7.o: In function `main':
/media/gaojie/Dev/hellox/HelloX_OS/conftest.c:93: undefined reference to `floor'
collect2: error: ld returned 1 exit status
configure:16736: $? = 1
configure: failed program was:
| /* confdefs.h */
| #define PACKAGE_NAME "HelloX"
| #define PACKAGE_TARNAME "hellox"
| #define PACKAGE_VERSION "1.78"
| #define PACKAGE_STRING "HelloX 1.78"
| #define PACKAGE_BUGREPORT "BUG-REPORT-ADDRESS"
| #define PACKAGE_URL ""
| #define PACKAGE "hellox"
| #define VERSION "1.78"
| #define STDC_HEADERS 1
| #define HAVE_SYS_TYPES_H 1
| #define HAVE_SYS_STAT_H 1
| #define HAVE_STDLIB_H 1
| #define HAVE_STRING_H 1
| #define HAVE_MEMORY_H 1
| #define HAVE_STRINGS_H 1
| #define HAVE_INTTYPES_H 1
| #define HAVE_STDINT_H 1
| #define HAVE_UNISTD_H 1
| #define HAVE_DLFCN_H 1
| #define LT_OBJDIR ".libs/"
| #define __EXTENSIONS__ 1
| #define _ALL_SOURCE 1
| #define _GNU_SOURCE 1
| #define _POSIX_PTHREAD_SEMANTICS 1
| #define _TANDEM_SOURCE 1
| #define HAVE_ALLOCA_H 1
| #define HAVE_ALLOCA 1
| #define HAVE_ARPA_INET_H 1
| #define HAVE_FCNTL_H 1
| #define HAVE_INTTYPES_H 1
| #define HAVE_LIMITS_H 1
| #define HAVE_LOCALE_H 1
| #define HAVE_MALLOC_H 1
| #define HAVE_MEMORY_H 1
| #define HAVE_STDDEF_H 1
| #define HAVE_STDINT_H 1
| #define HAVE_STDLIB_H 1
| #define HAVE_STRING_H 1
| #define HAVE_SYS_PARAM_H 1
| #define HAVE_UNISTD_H 1
| #define HAVE__BOOL 1
| #define restrict __restrict
| #define HAVE_STRUCT_STAT_ST_RDEV 1
| #define HAVE_STDLIB_H 1
| #define HAVE_MALLOC 1
| #define HAVE_STDLIB_H 1
| #define HAVE_UNISTD_H 1
| #define HAVE_SYS_PARAM_H 1
| #define HAVE_GETPAGESIZE 1
| #define HAVE_MMAP 1
| #define HAVE_STDLIB_H 1
| #define HAVE_REALLOC 1
| #define HAVE_DECL_STRERROR_R 1
| #define HAVE_STRERROR_R 1
| #define STRERROR_R_CHAR_P 1
| #define HAVE_DUP2 1
| /* end confdefs.h.  */
| /* Define floor to an innocuous variant, in case <limits.h> declares floor.
|    For example, HP-UX 11i <limits.h> declares gettimeofday.  */
| #define floor innocuous_floor
| 
| /* System header to define __stub macros and hopefully few prototypes,
|     which can conflict with char floor (); below.
|     Prefer <limits.h> to <assert.h> if __STDC__ is defined, since
|     <limits.h> exists even on freestanding compilers.  */
| 
| #ifdef __STDC__
| # include <limits.h>
| #else
| # include <assert.h>
| #endif
| 
| #undef floor
| 
| /* Override any GCC internal prototype to avoid an error.
|    Use char because int might match the return type of a GCC
|    builtin and then its argument prototype would still apply.  */
| #ifdef __cplusplus
| extern "C"
| #endif
| char floor ();
| /* The GNU C library defines this for functions which it implements
|     to always fail with ENOSYS.  Some functions are actually named
|     something starting with __ and the normal name is an alias.  */
| #if defined __stub_floor || defined __stub___floor
| choke me
| #endif
| 
| int
| main ()
| {
| return floor ();
|   ;
|   return 0;
| }
configure:16736: result: no
configure:16736: checking for getcwd
configure:16736: gcc -o conftest -g -O2   conftest.c  >&5
configure:16736: $? = 0
configure:16736: result: yes
configure:16736: checking for getpagesize
configure:16736: result: yes
configure:16736: checking for gettimeofday
configure:16736: gcc -o conftest -g -O2   conftest.c  >&5
configure:16736: $? = 0
configure:16736: result: yes
configure:16736: checking for inet_ntoa
configure:16736: gcc -o conftest -g -O2   conftest.c  >&5
configure:16736: $? = 0
configure:16736: result: yes
configure:16736: checking for memchr
configure:16736: gcc -o conftest -g -O2   conftest.c  >&5
conftest.c:86:6: warning: conflicting types for built-in function 'memchr'
 char memchr ();
      ^
configure:16736: $? = 0
configure:16736: result: yes
configure:16736: checking for memmove
configure:16736: gcc -o conftest -g -O2   conftest.c  >&5
conftest.c:87:6: warning: conflicting types for built-in function 'memmove'
 char memmove ();
      ^
configure:16736: $? = 0
configure:16736: result: yes
configure:16736: checking for memset
configure:16736: gcc -o conftest -g -O2   conftest.c  >&5
conftest.c:88:6: warning: conflicting types for built-in function 'memset'
 char memset ();
      ^
configure:16736: $? = 0
configure:16736: result: yes
configure:16736: checking for mkdir
configure:16736: gcc -o conftest -g -O2   conftest.c  >&5
configure:16736: $? = 0
configure:16736: result: yes
configure:16736: checking for modf
configure:16736: gcc -o conftest -g -O2   conftest.c  >&5
conftest.c:90:6: warning: conflicting types for built-in function 'modf'
 char modf ();
      ^
configure:16736: $? = 0
configure:16736: result: yes
configure:16736: checking for munmap
configure:16736: gcc -o conftest -g -O2   conftest.c  >&5
configure:16736: $? = 0
configure:16736: result: yes
configure:16736: checking for rmdir
configure:16736: gcc -o conftest -g -O2   conftest.c  >&5
configure:16736: $? = 0
configure:16736: result: yes
configure:16736: checking for setlocale
configure:16736: gcc -o conftest -g -O2   conftest.c  >&5
configure:16736: $? = 0
configure:16736: result: yes
configure:16736: checking for strchr
configure:16736: gcc -o conftest -g -O2   conftest.c  >&5
conftest.c:94:6: warning: conflicting types for built-in function 'strchr'
 char strchr ();
      ^
configure:16736: $? = 0
configure:16736: result: yes
configure:16736: checking for strrchr
configure:16736: gcc -o conftest -g -O2   conftest.c  >&5
conftest.c:95:6: warning: conflicting types for built-in function 'strrchr'
 char strrchr ();
      ^
configure:16736: $? = 0
configure:16736: result: yes
configure:16736: checking for strstr
configure:16736: gcc -o conftest -g -O2   conftest.c  >&5
conftest.c:96:6: warning: conflicting types for built-in function 'strstr'
 char strstr ();
      ^
configure:16736: $? = 0
configure:16736: result: yes
configure:16736: checking for strtol
configure:16736: gcc -o conftest -g -O2   conftest.c  >&5
configure:16736: $? = 0
configure:16736: result: yes
configure:16736: checking for strtoumax
configure:16736: gcc -o conftest -g -O2   conftest.c  >&5
configure:16736: $? = 0
configure:16736: result: yes
configure:16736: checking for uname
configure:16736: gcc -o conftest -g -O2   conftest.c  >&5
configure:16736: $? = 0
configure:16736: result: yes
configure:16857: checking that generated files are newer than configure
configure:16863: result: done
configure:16898: creating ./config.status

## ---------------------- ##
## Running config.status. ##
## ---------------------- ##

This file was extended by HelloX config.status 1.78, which was
generated by GNU Autoconf 2.69.  Invocation command line was

  CONFIG_FILES    = 
  CONFIG_HEADERS  = 
  CONFIG_LINKS    = 
  CONFIG_COMMANDS = 
  $ ./config.status 

on gaojie

config.status:1253: creating kernel/jvm/Makefile
config.status:1253: creating kernel/jvm/arch/Makefile
config.status:1253: creating kernel/jvm/interp/Makefile
config.status:1253: creating kernel/jvm/interp/engine/Makefile
config.status:1253: creating kernel/jvm/lib/Makefile
config.status:1253: creating kernel/jvm/lib/gnu/Makefile
config.status:1253: creating kernel/jvm/lib/gnu/classpath/Makefile
config.status:1253: creating kernel/jvm/lib/jamvm/Makefile
config.status:1253: creating kernel/jvm/lib/jamvm/java/Makefile
config.status:1253: creating kernel/jvm/lib/jamvm/java/lang/Makefile
config.status:1253: creating kernel/jvm/lib/java/Makefile
config.status:1253: creating kernel/jvm/lib/java/lang/Makefile
config.status:1253: creating kernel/jvm/lib/java/lang/reflect/Makefile
config.status:1253: creating kernel/jvm/lib/java/security/Makefile
config.status:1253: creating kernel/jvm/lib/sun/Makefile
config.status:1253: creating kernel/jvm/lib/sun/reflect/Makefile
config.status:1253: creating kernel/jvm/lib/sun/reflect/annotation/Makefile
config.status:1253: creating kernel/jvm/os/Makefile
config.status:1253: creating kernel/jvm/os/bsd/Makefile
config.status:1253: creating kernel/jvm/os/bsd/arm/Makefile
config.status:1253: creating kernel/jvm/os/bsd/i386/Makefile
config.status:1253: creating kernel/jvm/os/bsd/powerpc/Makefile
config.status:1253: creating kernel/jvm/os/bsd/sparc/Makefile
config.status:1253: creating kernel/jvm/os/bsd/x86_64/Makefile
config.status:1253: creating kernel/jvm/os/darwin/Makefile
config.status:1253: creating kernel/jvm/os/darwin/arm/Makefile
config.status:1253: creating kernel/jvm/os/darwin/i386/Makefile
config.status:1253: creating kernel/jvm/os/darwin/powerpc/Makefile
config.status:1253: creating kernel/jvm/os/linux/Makefile
config.status:1253: creating kernel/jvm/os/linux/arm/Makefile
config.status:1253: creating kernel/jvm/os/linux/i386/Makefile
config.status:1253: creating kernel/jvm/os/linux/mips/Makefile
config.status:1253: creating kernel/jvm/os/linux/parisc/Makefile
config.status:1253: creating kernel/jvm/os/linux/powerpc/Makefile
config.status:1253: creating kernel/jvm/os/linux/x86_64/Makefile
config.status:1253: creating kernel/jvm/os/solaris/Makefile
config.status:1253: creating kernel/jvm/os/solaris/x86/Makefile
config.status:1253: creating kernel/kernel/Makefile
config.status:1253: creating kernel/fs/Makefile
config.status:1253: creating kernel/kapi/Makefile
config.status:1253: creating kernel/drivers/x86/Makefile
config.status:1253: creating kernel/kthread/Makefile
config.status:1253: creating kernel/network/Makefile
config.status:1253: creating kernel/osentry/Makefile
config.status:1253: creating kernel/shell/Makefile
config.status:1253: creating kernel/lib/Makefile
config.status:1253: creating kernel/user/Makefile
config.status:1253: creating kernel/arch/x86/Makefile
config.status:1253: creating kernel/Makefile
config.status:1253: creating config.h
config.status:1434: config.h is unchanged
config.status:1482: executing depfiles commands
config.status:1482: executing libtool commands

## ---------------- ##
## Cache variables. ##
## ---------------- ##

ac_cv_build=x86_64-unknown-linux-gnu
ac_cv_c_compiler_gnu=yes
ac_cv_c_inline=inline
ac_cv_c_int16_t=yes
ac_cv_c_int32_t=yes
ac_cv_c_int64_t=yes
ac_cv_c_int8_t=yes
ac_cv_c_restrict=__restrict
ac_cv_c_uint16_t=yes
ac_cv_c_uint32_t=yes
ac_cv_c_uint64_t=yes
ac_cv_c_uint8_t=yes
ac_cv_cxx_compiler_gnu=yes
ac_cv_env_CCASFLAGS_set=
ac_cv_env_CCASFLAGS_value=
ac_cv_env_CCAS_set=
ac_cv_env_CCAS_value=
ac_cv_env_CCC_set=
ac_cv_env_CCC_value=
ac_cv_env_CC_set=
ac_cv_env_CC_value=
ac_cv_env_CFLAGS_set=
ac_cv_env_CFLAGS_value=
ac_cv_env_CPPFLAGS_set=
ac_cv_env_CPPFLAGS_value=
ac_cv_env_CPP_set=
ac_cv_env_CPP_value=
ac_cv_env_CXXCPP_set=
ac_cv_env_CXXCPP_value=
ac_cv_env_CXXFLAGS_set=
ac_cv_env_CXXFLAGS_value=
ac_cv_env_CXX_set=
ac_cv_env_CXX_value=
ac_cv_env_LDFLAGS_set=
ac_cv_env_LDFLAGS_value=
ac_cv_env_LIBS_set=
ac_cv_env_LIBS_value=
ac_cv_env_build_alias_set=
ac_cv_env_build_alias_value=
ac_cv_env_host_alias_set=
ac_cv_env_host_alias_value=
ac_cv_env_target_alias_set=
ac_cv_env_target_alias_value=
ac_cv_func_alloca_works=yes
ac_cv_func_dup2=yes
ac_cv_func_floor=no
ac_cv_func_getcwd=yes
ac_cv_func_getpagesize=yes
ac_cv_func_gettimeofday=yes
ac_cv_func_inet_ntoa=yes
ac_cv_func_malloc_0_nonnull=yes
ac_cv_func_memchr=yes
ac_cv_func_memmove=yes
ac_cv_func_memset=yes
ac_cv_func_mkdir=yes
ac_cv_func_mmap_fixed_mapped=yes
ac_cv_func_modf=yes
ac_cv_func_munmap=yes
ac_cv_func_realloc_0_nonnull=yes
ac_cv_func_rmdir=yes
ac_cv_func_setlocale=yes
ac_cv_func_strchr=yes
ac_cv_func_strerror_r=yes
ac_cv_func_strerror_r_char_p=yes
ac_cv_func_strnlen_working=yes
ac_cv_func_strrchr=yes
ac_cv_func_strstr=yes
ac_cv_func_strtol=yes
ac_cv_func_strtoumax=yes
ac_cv_func_uname=yes
ac_cv_have_decl_strerror_r=yes
ac_cv_header_arpa_inet_h=yes
ac_cv_header_dlfcn_h=yes
ac_cv_header_fcntl_h=yes
ac_cv_header_inttypes_h=yes
ac_cv_header_limits_h=yes
ac_cv_header_locale_h=yes
ac_cv_header_malloc_h=yes
ac_cv_header_memory_h=yes
ac_cv_header_minix_config_h=no
ac_cv_header_stdbool_h=yes
ac_cv_header_stdc=yes
ac_cv_header_stddef_h=yes
ac_cv_header_stdint_h=yes
ac_cv_header_stdlib_h=yes
ac_cv_header_string_h=yes
ac_cv_header_strings_h=yes
ac_cv_header_sys_param_h=yes
ac_cv_header_sys_stat_h=yes
ac_cv_header_sys_types_h=yes
ac_cv_header_unistd_h=yes
ac_cv_host=x86_64-unknown-linux-gnu
ac_cv_member_struct_stat_st_rdev=yes
ac_cv_objext=o
ac_cv_path_EGREP='/usr/bin/grep -E'
ac_cv_path_FGREP='/usr/bin/grep -F'
ac_cv_path_GREP=/usr/bin/grep
ac_cv_path_SED=/usr/bin/sed
ac_cv_path_install='/usr/bin/install -c'
ac_cv_path_mkdir=/usr/bin/mkdir
ac_cv_prog_AWK=gawk
ac_cv_prog_CPP='gcc -E'
ac_cv_prog_CXXCPP='g++ -E'
ac_cv_prog_ac_ct_AR=ar
ac_cv_prog_ac_ct_CC=gcc
ac_cv_prog_ac_ct_CXX=g++
ac_cv_prog_ac_ct_OBJDUMP=objdump
ac_cv_prog_ac_ct_RANLIB=ranlib
ac_cv_prog_ac_ct_STRIP=strip
ac_cv_prog_cc_c89=
ac_cv_prog_cc_g=yes
ac_cv_prog_cxx_g=yes
ac_cv_prog_make_make_set=yes
ac_cv_safe_to_define___extensions__=yes
ac_cv_type__Bool=yes
ac_cv_type_off_t=yes
ac_cv_type_pid_t=yes
ac_cv_type_size_t=yes
ac_cv_type_uid_t=yes
ac_cv_working_alloca_h=yes
am_cv_CCAS_dependencies_compiler_type=gcc3
am_cv_CC_dependencies_compiler_type=gcc3
am_cv_CXX_dependencies_compiler_type=gcc3
am_cv_make_support_nested_variables=yes
am_cv_prog_cc_c_o=yes
lt_cv_ar_at_file=@
lt_cv_archive_cmds_need_lc=no
lt_cv_deplibs_check_method=pass_all
lt_cv_file_magic_cmd='$MAGIC_CMD'
lt_cv_file_magic_test_file=
lt_cv_ld_reload_flag=-r
lt_cv_nm_interface='BSD nm'
lt_cv_objdir=.libs
lt_cv_path_LD=/usr/bin/ld
lt_cv_path_LDCXX='/usr/bin/ld -m elf_x86_64'
lt_cv_path_NM='/usr/bin/nm -B'
lt_cv_path_mainfest_tool=no
lt_cv_prog_compiler_c_o=yes
lt_cv_prog_compiler_c_o_CXX=yes
lt_cv_prog_compiler_pic='-fPIC -DPIC'
lt_cv_prog_compiler_pic_CXX='-fPIC -DPIC'
lt_cv_prog_compiler_pic_works=yes
lt_cv_prog_compiler_pic_works_CXX=yes
lt_cv_prog_compiler_rtti_exceptions=no
lt_cv_prog_compiler_static_works=yes
lt_cv_prog_compiler_static_works_CXX=no
lt_cv_prog_gnu_ld=yes
lt_cv_prog_gnu_ldcxx=yes
lt_cv_sharedlib_from_linklib_cmd='printf %s\n'
lt_cv_shlibpath_overrides_runpath=no
lt_cv_sys_global_symbol_pipe='sed -n -e '\''s/^.*[	 ]\([ABCDGIRSTW][ABCDGIRSTW]*\)[	 ][	 ]*\([_A-Za-z][_A-Za-z0-9]*\)$/\1 \2 \2/p'\'' | sed '\''/ __gnu_lto/d'\'''
lt_cv_sys_global_symbol_to_c_name_address='sed -n -e '\''s/^: \([^ ]*\)[ ]*$/  {\"\1\", (void *) 0},/p'\'' -e '\''s/^[ABCDGIRSTW]* \([^ ]*\) \([^ ]*\)$/  {"\2", (void *) \&\2},/p'\'''
lt_cv_sys_global_symbol_to_c_name_address_lib_prefix='sed -n -e '\''s/^: \([^ ]*\)[ ]*$/  {\"\1\", (void *) 0},/p'\'' -e '\''s/^[ABCDGIRSTW]* \([^ ]*\) \(lib[^ ]*\)$/  {"\2", (void *) \&\2},/p'\'' -e '\''s/^[ABCDGIRSTW]* \([^ ]*\) \([^ ]*\)$/  {"lib\2", (void *) \&\2},/p'\'''
lt_cv_sys_global_symbol_to_cdecl='sed -n -e '\''s/^T .* \(.*\)$/extern int \1();/p'\'' -e '\''s/^[ABCDGIRSTW]* .* \(.*\)$/extern char \1;/p'\'''
lt_cv_sys_max_cmd_len=1572864
lt_cv_to_host_file_cmd=func_convert_file_noop
lt_cv_to_tool_file_cmd=func_convert_file_noop

## ----------------- ##
## Output variables. ##
## ----------------- ##

ACLOCAL='${SHELL} /media/gaojie/Dev/hellox/HelloX_OS/missing aclocal-1.14'
ALLOCA=''
AMDEPBACKSLASH='\'
AMDEP_FALSE='#'
AMDEP_TRUE=''
AMTAR='$${TAR-tar}'
AM_BACKSLASH='\'
AM_DEFAULT_V='$(AM_DEFAULT_VERBOSITY)'
AM_DEFAULT_VERBOSITY='1'
AM_V='$(V)'
AR='ar'
AUTOCONF='${SHELL} /media/gaojie/Dev/hellox/HelloX_OS/missing autoconf'
AUTOHEADER='${SHELL} /media/gaojie/Dev/hellox/HelloX_OS/missing autoheader'
AUTOMAKE='${SHELL} /media/gaojie/Dev/hellox/HelloX_OS/missing automake-1.14'
AWK='gawk'
CC='gcc'
CCAS='gcc'
CCASDEPMODE='depmode=gcc3'
CCASFLAGS='-g -O2'
CCDEPMODE='depmode=gcc3'
CFLAGS='-g -O2'
COMPILE_TIME_RELOC_CHECKS_FALSE='#'
COMPILE_TIME_RELOC_CHECKS_TRUE=''
CPP='gcc -E'
CPPFLAGS=''
CXX='g++'
CXXCPP='g++ -E'
CXXDEPMODE='depmode=gcc3'
CXXFLAGS='-g -O2'
CYGPATH_W='echo'
DEFS='-DHAVE_CONFIG_H'
DEPDIR='.deps'
DLLTOOL='false'
DSYMUTIL=''
DUMPBIN=''
ECHO_C=''
ECHO_N='-n'
ECHO_T=''
EGREP='/usr/bin/grep -E'
EXEEXT=''
FGREP='/usr/bin/grep -F'
GREP='/usr/bin/grep'
INSTALL_DATA='${INSTALL} -m 644'
INSTALL_PROGRAM='${INSTALL}'
INSTALL_SCRIPT='${INSTALL}'
INSTALL_STRIP_PROGRAM='$(install_sh) -c -s'
LD='/usr/bin/ld -m elf_x86_64'
LDFLAGS=''
LIBOBJS=''
LIBS=''
LIBTOOL='$(SHELL) $(top_builddir)/libtool'
LIPO=''
LN_S='ln -s'
LTLIBOBJS=''
MAKEINFO='${SHELL} /media/gaojie/Dev/hellox/HelloX_OS/missing makeinfo'
MANIFEST_TOOL=':'
MKDIR_P='/usr/bin/mkdir -p'
NM='/usr/bin/nm -B'
NMEDIT=''
OBJDUMP='objdump'
OBJEXT='o'
OTOOL64=''
OTOOL=''
PACKAGE='hellox'
PACKAGE_BUGREPORT='BUG-REPORT-ADDRESS'
PACKAGE_NAME='HelloX'
PACKAGE_STRING='HelloX 1.78'
PACKAGE_TARNAME='hellox'
PACKAGE_URL=''
PACKAGE_VERSION='1.78'
PATH_SEPARATOR=':'
RANLIB='ranlib'
SED='/usr/bin/sed'
SET_MAKE=''
SHELL='/bin/sh'
STRIP='strip'
VERSION='1.78'
ac_ct_AR='ar'
ac_ct_CC='gcc'
ac_ct_CXX='g++'
ac_ct_DUMPBIN=''
am__EXEEXT_FALSE=''
am__EXEEXT_TRUE='#'
am__fastdepCCAS_FALSE='#'
am__fastdepCCAS_TRUE=''
am__fastdepCC_FALSE='#'
am__fastdepCC_TRUE=''
am__fastdepCXX_FALSE='#'
am__fastdepCXX_TRUE=''
am__include='include'
am__isrc=''
am__leading_dot='.'
am__nodep='_no'
am__quote=''
am__tar='$${TAR-tar} chof - "$$tardir"'
am__untar='$${TAR-tar} xf -'
bindir='${exec_prefix}/bin'
build='x86_64-unknown-linux-gnu'
build_alias=''
build_cpu='x86_64'
build_os='linux-gnu'
build_vendor='unknown'
datadir='${datarootdir}'
datarootdir='${prefix}/share'
docdir='${datarootdir}/doc/${PACKAGE_TARNAME}'
dvidir='${docdir}'
exec_prefix='${prefix}'
host='x86_64-unknown-linux-gnu'
host_alias=''
host_cpu='x86_64'
host_os='linux-gnu'
host_vendor='unknown'
htmldir='${docdir}'
includedir='${prefix}/include'
infodir='${datarootdir}/info'
install_sh='${SHELL} /media/gaojie/Dev/hellox/HelloX_OS/install-sh'
libdir='${exec_prefix}/lib'
libexecdir='${exec_prefix}/libexec'
localedir='${datarootdir}/locale'
localstatedir='${prefix}/var'
mandir='${datarootdir}/man'
mkdir_p='$(MKDIR_P)'
oldincludedir='/usr/include'
pdfdir='${docdir}'
prefix='/usr/local'
program_transform_name='s,x,x,'
psdir='${docdir}'
sbindir='${exec_prefix}/sbin'
sharedstatedir='${prefix}/com'
sysconfdir='${prefix}/etc'
target_alias=''

## ----------- ##
## confdefs.h. ##
## ----------- ##

/* confdefs.h */
#define PACKAGE_NAME "HelloX"
#define PACKAGE_TARNAME "hellox"
#define PACKAGE_VERSION "1.78"
#define PACKAGE_STRING "HelloX 1.78"
#define PACKAGE_BUGREPORT "BUG-REPORT-ADDRESS"
#define PACKAGE_URL ""
#define PACKAGE "hellox"
#define VERSION "1.78"
#define STDC_HEADERS 1
#define HAVE_SYS_TYPES_H 1
#define HAVE_SYS_STAT_H 1
#define HAVE_STDLIB_H 1
#define HAVE_STRING_H 1
#define HAVE_MEMORY_H 1
#define HAVE_STRINGS_H 1
#define HAVE_INTTYPES_H 1
#define HAVE_STDINT_H 1
#define HAVE_UNISTD_H 1
#define HAVE_DLFCN_H 1
#define LT_OBJDIR ".libs/"
#define __EXTENSIONS__ 1
#define _ALL_SOURCE 1
#define _GNU_SOURCE 1
#define _POSIX_PTHREAD_SEMANTICS 1
#define _TANDEM_SOURCE 1
#define HAVE_ALLOCA_H 1
#define HAVE_ALLOCA 1
#define HAVE_ARPA_INET_H 1
#define HAVE_FCNTL_H 1
#define HAVE_INTTYPES_H 1
#define HAVE_LIMITS_H 1
#define HAVE_LOCALE_H 1
#define HAVE_MALLOC_H 1
#define HAVE_MEMORY_H 1
#define HAVE_STDDEF_H 1
#define HAVE_STDINT_H 1
#define HAVE_STDLIB_H 1
#define HAVE_STRING_H 1
#define HAVE_SYS_PARAM_H 1
#define HAVE_UNISTD_H 1
#define HAVE__BOOL 1
#define restrict __restrict
#define HAVE_STRUCT_STAT_ST_RDEV 1
#define HAVE_STDLIB_H 1
#define HAVE_MALLOC 1
#define HAVE_STDLIB_H 1
#define HAVE_UNISTD_H 1
#define HAVE_SYS_PARAM_H 1
#define HAVE_GETPAGESIZE 1
#define HAVE_MMAP 1
#define HAVE_STDLIB_H 1
#define HAVE_REALLOC 1
#define HAVE_DECL_STRERROR_R 1
#define HAVE_STRERROR_R 1
#define STRERROR_R_CHAR_P 1
#define HAVE_DUP2 1
#define HAVE_GETCWD 1
#define HAVE_GETPAGESIZE 1
#define HAVE_GETTIMEOFDAY 1
#define HAVE_INET_NTOA 1
#define HAVE_MEMCHR 1
#define HAVE_MEMMOVE 1
#define HAVE_MEMSET 1
#define HAVE_MKDIR 1
#define HAVE_MODF 1
#define HAVE_MUNMAP 1
#define HAVE_RMDIR 1
#define HAVE_SETLOCALE 1
#define HAVE_STRCHR 1
#define HAVE_STRRCHR 1
#define HAVE_STRSTR 1
#define HAVE_STRTOL 1
#define HAVE_STRTOUMAX 1
#define HAVE_UNAME 1

configure: exit 0
