  acos.c
  asin.c
  atan.c
  atan2.c
c:\hellox\personal\hellox_os\app\yeelight\hxlib\atan2.c(78): warning C4146: unary minus operator applied to unsigned type, result still unsigned
  atox.c
  ceil.c
c:\hellox\personal\hellox_os\app\yeelight\hxlib\ceil.c(117): warning C4018: '<': signed/unsigned mismatch
  copysign.c
  ctype.c
  errno.c
  exp.c
  fabs.c
  finite.c
  getenv.c
  cli.c
c:\hellox\personal\hellox_os\app\yeelight\hxlib\hellox\cli.c(48): warning C4047: '==': 'void *' differs in levels of indirection from '::size_t'
  hellox.c
  inet.c
c:\hellox\personal\hellox_os\app\yeelight\hxlib\ip_addr.h(63): warning C4103: alignment changed after including header, may be due to missing #pragma pack(pop)
c:\hellox\personal\hellox_os\app\yeelight\hxlib\ip_addr.h(71): warning C4103: alignment changed after including header, may be due to missing #pragma pack(pop)
c:\hellox\personal\hellox_os\app\yeelight\hxlib\ip_addr.h(84): warning C4103: alignment changed after including header, may be due to missing #pragma pack(pop)
c:\hellox\personal\hellox_os\app\yeelight\hxlib\ip_addr.h(92): warning C4103: alignment changed after including header, may be due to missing #pragma pack(pop)
  io.c
  ip_addr.c
c:\hellox\personal\hellox_os\app\yeelight\hxlib\ip_addr.h(63): warning C4103: alignment changed after including header, may be due to missing #pragma pack(pop)
c:\hellox\personal\hellox_os\app\yeelight\hxlib\ip_addr.h(71): warning C4103: alignment changed after including header, may be due to missing #pragma pack(pop)
c:\hellox\personal\hellox_os\app\yeelight\hxlib\ip_addr.h(84): warning C4103: alignment changed after including header, may be due to missing #pragma pack(pop)
c:\hellox\personal\hellox_os\app\yeelight\hxlib\ip_addr.h(92): warning C4103: alignment changed after including header, may be due to missing #pragma pack(pop)
  log.c
  math.c
c:\hellox\personal\hellox_os\app\yeelight\hxlib\math.c(31): warning C4146: unary minus operator applied to unsigned type, result still unsigned
c:\hellox\personal\hellox_os\app\yeelight\hxlib\math.c(296): warning C4018: '<': signed/unsigned mismatch
  Generating Code...
  Compiling...
  memory.c
  nextafter.c
  pow.c
  pthread.c
  pthread_mutex.c
  pthread_other.c
  rand.c
  scalbn.c
  sched.c
  setjmp.c
  signal.c
  sockets.c
c:\hellox\personal\hellox_os\app\yeelight\hxlib\ip_addr.h(63): warning C4103: alignment changed after including header, may be due to missing #pragma pack(pop)
c:\hellox\personal\hellox_os\app\yeelight\hxlib\ip_addr.h(71): warning C4103: alignment changed after including header, may be due to missing #pragma pack(pop)
c:\hellox\personal\hellox_os\app\yeelight\hxlib\ip_addr.h(84): warning C4103: alignment changed after including header, may be due to missing #pragma pack(pop)
c:\hellox\personal\hellox_os\app\yeelight\hxlib\ip_addr.h(92): warning C4103: alignment changed after including header, may be due to missing #pragma pack(pop)
  sqrt.c
  stat.c
  stdio.c
  string.c
c:\hellox\personal\hellox_os\app\yeelight\hxlib\string.c(239): warning C4146: unary minus operator applied to unsigned type, result still unsigned
c:\hellox\personal\hellox_os\app\yeelight\hxlib\string.c(267): warning C4146: unary minus operator applied to unsigned type, result still unsigned
  sysmem.c
  time.c
  trig.c
  yeelight.c
c:\hellox\personal\hellox_os\app\yeelight\hxlib\ip_addr.h(63): warning C4103: alignment changed after including header, may be due to missing #pragma pack(pop)
c:\hellox\personal\hellox_os\app\yeelight\hxlib\ip_addr.h(71): warning C4103: alignment changed after including header, may be due to missing #pragma pack(pop)
c:\hellox\personal\hellox_os\app\yeelight\hxlib\ip_addr.h(84): warning C4103: alignment changed after including header, may be due to missing #pragma pack(pop)
c:\hellox\personal\hellox_os\app\yeelight\hxlib\ip_addr.h(92): warning C4103: alignment changed after including header, may be due to missing #pragma pack(pop)
  Generating Code...
LINK : warning LNK4108: /ALIGN specified without /DRIVER; image may not run
  yeelight.vcxproj -> C:\HelloX\personal\HelloX_OS\app\yeelight\Release\ylight.exe
