c:\hellox\personal\hellox_os\app\yeelight\release\vc141.pdb
c:\hellox\personal\hellox_os\app\yeelight\release\memory.obj
c:\hellox\personal\hellox_os\app\yeelight\release\memory.cod
c:\hellox\personal\hellox_os\app\yeelight\release\math.obj
c:\hellox\personal\hellox_os\app\yeelight\release\math.cod
c:\hellox\personal\hellox_os\app\yeelight\release\io.obj
c:\hellox\personal\hellox_os\app\yeelight\release\io.cod
c:\hellox\personal\hellox_os\app\yeelight\release\inet.obj
c:\hellox\personal\hellox_os\app\yeelight\release\inet.cod
c:\hellox\personal\hellox_os\app\yeelight\release\kapi.obj
c:\hellox\personal\hellox_os\app\yeelight\release\kapi.cod
c:\hellox\personal\hellox_os\app\yeelight\release\getenv.obj
c:\hellox\personal\hellox_os\app\yeelight\release\getenv.cod
c:\hellox\personal\hellox_os\app\yeelight\release\finite.obj
c:\hellox\personal\hellox_os\app\yeelight\release\finite.cod
c:\hellox\personal\hellox_os\app\yeelight\release\fabs.obj
c:\hellox\personal\hellox_os\app\yeelight\release\fabs.cod
c:\hellox\personal\hellox_os\app\yeelight\release\exp.obj
c:\hellox\personal\hellox_os\app\yeelight\release\exp.cod
c:\hellox\personal\hellox_os\app\yeelight\release\errno.obj
c:\hellox\personal\hellox_os\app\yeelight\release\errno.cod
c:\hellox\personal\hellox_os\app\yeelight\release\copysign.obj
c:\hellox\personal\hellox_os\app\yeelight\release\copysign.cod
c:\hellox\personal\hellox_os\app\yeelight\release\atox.obj
c:\hellox\personal\hellox_os\app\yeelight\release\atox.cod
c:\hellox\personal\hellox_os\app\yeelight\release\atan2.obj
c:\hellox\personal\hellox_os\app\yeelight\release\atan2.cod
c:\hellox\personal\hellox_os\app\yeelight\release\atan.obj
c:\hellox\personal\hellox_os\app\yeelight\release\atan.cod
c:\hellox\personal\hellox_os\app\yeelight\release\asin.obj
c:\hellox\personal\hellox_os\app\yeelight\release\asin.cod
c:\hellox\personal\hellox_os\app\yeelight\release\acos.obj
c:\hellox\personal\hellox_os\app\yeelight\release\acos.cod
c:\hellox\personal\hellox_os\app\yeelight\release\yeelight.obj
c:\hellox\personal\hellox_os\app\yeelight\release\yeelight.cod
c:\hellox\personal\hellox_os\app\yeelight\release\trig.obj
c:\hellox\personal\hellox_os\app\yeelight\release\trig.cod
c:\hellox\personal\hellox_os\app\yeelight\release\time.obj
c:\hellox\personal\hellox_os\app\yeelight\release\time.cod
c:\hellox\personal\hellox_os\app\yeelight\release\sysmem.obj
c:\hellox\personal\hellox_os\app\yeelight\release\sysmem.cod
c:\hellox\personal\hellox_os\app\yeelight\release\string.obj
c:\hellox\personal\hellox_os\app\yeelight\release\string.cod
c:\hellox\personal\hellox_os\app\yeelight\release\stdio.obj
c:\hellox\personal\hellox_os\app\yeelight\release\stdio.cod
c:\hellox\personal\hellox_os\app\yeelight\release\sqrt.obj
c:\hellox\personal\hellox_os\app\yeelight\release\sqrt.cod
c:\hellox\personal\hellox_os\app\yeelight\release\sockets.obj
c:\hellox\personal\hellox_os\app\yeelight\release\sockets.cod
c:\hellox\personal\hellox_os\app\yeelight\release\signal.obj
c:\hellox\personal\hellox_os\app\yeelight\release\signal.cod
c:\hellox\personal\hellox_os\app\yeelight\release\setjmp.obj
c:\hellox\personal\hellox_os\app\yeelight\release\setjmp.cod
c:\hellox\personal\hellox_os\app\yeelight\release\scalbn.obj
c:\hellox\personal\hellox_os\app\yeelight\release\scalbn.cod
c:\hellox\personal\hellox_os\app\yeelight\release\rand.obj
c:\hellox\personal\hellox_os\app\yeelight\release\rand.cod
c:\hellox\personal\hellox_os\app\yeelight\release\pthread_other.obj
c:\hellox\personal\hellox_os\app\yeelight\release\pthread_other.cod
c:\hellox\personal\hellox_os\app\yeelight\release\pthread_mutex.obj
c:\hellox\personal\hellox_os\app\yeelight\release\pthread_mutex.cod
c:\hellox\personal\hellox_os\app\yeelight\release\pthread.obj
c:\hellox\personal\hellox_os\app\yeelight\release\pthread.cod
c:\hellox\personal\hellox_os\app\yeelight\release\pow.obj
c:\hellox\personal\hellox_os\app\yeelight\release\pow.cod
c:\hellox\personal\hellox_os\app\yeelight\release\nextafter.obj
c:\hellox\personal\hellox_os\app\yeelight\release\nextafter.cod
c:\hellox\personal\hellox_os\app\yeelight\release\log.obj
c:\hellox\personal\hellox_os\app\yeelight\release\log.cod
c:\hellox\personal\hellox_os\app\yeelight\release\ip_addr.obj
c:\hellox\personal\hellox_os\app\yeelight\release\ip_addr.cod
c:\hellox\personal\hellox_os\app\yeelight\release\ctype.obj
c:\hellox\personal\hellox_os\app\yeelight\release\ctype.cod
c:\hellox\personal\hellox_os\app\yeelight\release\ceil.obj
c:\hellox\personal\hellox_os\app\yeelight\release\ceil.cod
c:\hellox\personal\hellox_os\app\yeelight\release\stat.obj
c:\hellox\personal\hellox_os\app\yeelight\release\stat.cod
c:\hellox\personal\hellox_os\app\yeelight\release\sched.obj
c:\hellox\personal\hellox_os\app\yeelight\release\sched.cod
c:\hellox\personal\hellox_os\app\yeelight\release\ylight.exe
c:\hellox\personal\hellox_os\app\yeelight\release\ylight.map
c:\hellox\personal\hellox_os\app\yeelight\release\ylight.pdb
c:\hellox\personal\hellox_os\app\yeelight\release\yeelight.tlog\cl.command.1.tlog
c:\hellox\personal\hellox_os\app\yeelight\release\yeelight.tlog\cl.read.1.tlog
c:\hellox\personal\hellox_os\app\yeelight\release\yeelight.tlog\cl.write.1.tlog
c:\hellox\personal\hellox_os\app\yeelight\release\yeelight.tlog\link.command.1.tlog
c:\hellox\personal\hellox_os\app\yeelight\release\yeelight.tlog\link.read.1.tlog
c:\hellox\personal\hellox_os\app\yeelight\release\yeelight.tlog\link.write.1.tlog
