c:\hellox\javascript\jerryengine\jerryengine\debug\vc120.pdb
c:\hellox\javascript\jerryengine\jerryengine\debug\vc120.idb
c:\hellox\javascript\jerryengine\jerryengine\debug\lit-strings.obj
c:\hellox\javascript\jerryengine\jerryengine\debug\byte-code.obj
c:\hellox\javascript\jerryengine\jerryengine\debug\common.obj
c:\hellox\javascript\jerryengine\jerryengine\debug\js-lexer.obj
c:\hellox\javascript\jerryengine\jerryengine\debug\js-parser-expr.obj
c:\hellox\javascript\jerryengine\jerryengine\debug\js-parser-mem.obj
c:\hellox\javascript\jerryengine\jerryengine\debug\js-parser-scanner.obj
c:\hellox\javascript\jerryengine\jerryengine\debug\js-parser-statm.obj
c:\hellox\javascript\jerryengine\jerryengine\debug\js-parser-util.obj
c:\hellox\javascript\jerryengine\jerryengine\debug\js-parser.obj
c:\hellox\javascript\jerryengine\jerryengine\debug\re-bytecode.obj
c:\hellox\javascript\jerryengine\jerryengine\debug\re-compiler.obj
c:\hellox\javascript\jerryengine\jerryengine\debug\re-parser.obj
c:\hellox\javascript\jerryengine\jerryengine\debug\opcodes-ecma-arithmetics.obj
c:\hellox\javascript\jerryengine\jerryengine\debug\opcodes-ecma-bitwise.obj
c:\hellox\javascript\jerryengine\jerryengine\debug\opcodes-ecma-equality.obj
c:\hellox\javascript\jerryengine\jerryengine\debug\opcodes-ecma-relational.obj
c:\hellox\javascript\jerryengine\jerryengine\debug\opcodes.obj
c:\hellox\javascript\jerryengine\jerryengine\debug\vm-stack.obj
c:\hellox\javascript\jerryengine\jerryengine\debug\vm.obj
c:\hellox\javascript\jerryengine\jerryengine\debug\ecma-function-object.obj
c:\hellox\javascript\jerryengine\jerryengine\debug\ecma-get-put-value.obj
c:\hellox\javascript\jerryengine\jerryengine\debug\ecma-lex-env.obj
c:\hellox\javascript\jerryengine\jerryengine\debug\ecma-number-arithmetic.obj
c:\hellox\javascript\jerryengine\jerryengine\debug\ecma-number-object.obj
c:\hellox\javascript\jerryengine\jerryengine\debug\ecma-objects-arguments.obj
c:\hellox\javascript\jerryengine\jerryengine\debug\ecma-objects-general.obj
c:\hellox\javascript\jerryengine\jerryengine\debug\ecma-objects.obj
c:\hellox\javascript\jerryengine\jerryengine\debug\ecma-reference.obj
c:\hellox\javascript\jerryengine\jerryengine\debug\ecma-regexp-object.obj
c:\hellox\javascript\jerryengine\jerryengine\debug\ecma-string-object.obj
c:\hellox\javascript\jerryengine\jerryengine\debug\jcontext.obj
c:\hellox\javascript\jerryengine\jerryengine\debug\jerry-snapshot.obj
c:\hellox\javascript\jerryengine\jerryengine\debug\jerry.obj
c:\hellox\javascript\jerryengine\jerryengine\debug\jmem-allocator.obj
c:\hellox\javascript\jerryengine\jerryengine\debug\jmem-heap.obj
c:\hellox\javascript\jerryengine\jerryengine\debug\jmem-poolman.obj
c:\hellox\javascript\jerryengine\jerryengine\debug\jrt-fatals.obj
c:\hellox\javascript\jerryengine\jerryengine\debug\lit-char-helpers.obj
c:\hellox\javascript\jerryengine\jerryengine\debug\lit-magic-strings.obj
c:\hellox\javascript\jerryengine\jerryengine\debug\ecma-builtin-referenceerror.obj
c:\hellox\javascript\jerryengine\jerryengine\debug\ecma-builtin-regexp-prototype.obj
c:\hellox\javascript\jerryengine\jerryengine\debug\ecma-builtin-regexp.obj
c:\hellox\javascript\jerryengine\jerryengine\debug\ecma-builtin-string-prototype.obj
c:\hellox\javascript\jerryengine\jerryengine\debug\ecma-builtin-string.obj
c:\hellox\javascript\jerryengine\jerryengine\debug\ecma-builtin-syntaxerror-prototype.obj
c:\hellox\javascript\jerryengine\jerryengine\debug\ecma-builtin-syntaxerror.obj
c:\hellox\javascript\jerryengine\jerryengine\debug\ecma-builtin-type-error-thrower.obj
c:\hellox\javascript\jerryengine\jerryengine\debug\ecma-builtin-typeerror-prototype.obj
c:\hellox\javascript\jerryengine\jerryengine\debug\ecma-builtin-typeerror.obj
c:\hellox\javascript\jerryengine\jerryengine\debug\ecma-builtin-urierror-prototype.obj
c:\hellox\javascript\jerryengine\jerryengine\debug\ecma-builtin-urierror.obj
c:\hellox\javascript\jerryengine\jerryengine\debug\ecma-builtins.obj
c:\hellox\javascript\jerryengine\jerryengine\debug\ecma-array-object.obj
c:\hellox\javascript\jerryengine\jerryengine\debug\ecma-arraybuffer-object.obj
c:\hellox\javascript\jerryengine\jerryengine\debug\ecma-boolean-object.obj
c:\hellox\javascript\jerryengine\jerryengine\debug\ecma-comparison.obj
c:\hellox\javascript\jerryengine\jerryengine\debug\ecma-conversion.obj
c:\hellox\javascript\jerryengine\jerryengine\debug\ecma-eval.obj
c:\hellox\javascript\jerryengine\jerryengine\debug\ecma-exceptions.obj
c:\hellox\javascript\jerryengine\jerryengine\debug\ecma-builtin-error-prototype.obj
c:\hellox\javascript\jerryengine\jerryengine\debug\ecma-builtin-error.obj
c:\hellox\javascript\jerryengine\jerryengine\debug\ecma-builtin-evalerror-prototype.obj
c:\hellox\javascript\jerryengine\jerryengine\debug\ecma-builtin-evalerror.obj
c:\hellox\javascript\jerryengine\jerryengine\debug\ecma-builtin-function-prototype.obj
c:\hellox\javascript\jerryengine\jerryengine\debug\ecma-builtin-function.obj
c:\hellox\javascript\jerryengine\jerryengine\debug\ecma-builtin-global.obj
c:\hellox\javascript\jerryengine\jerryengine\debug\ecma-builtin-helpers-date.obj
c:\hellox\javascript\jerryengine\jerryengine\debug\ecma-builtin-helpers-error.obj
c:\hellox\javascript\jerryengine\jerryengine\debug\ecma-builtin-helpers-json.obj
c:\hellox\javascript\jerryengine\jerryengine\debug\ecma-builtin-helpers.obj
c:\hellox\javascript\jerryengine\jerryengine\debug\ecma-builtin-json.obj
c:\hellox\javascript\jerryengine\jerryengine\debug\ecma-builtin-math.obj
c:\hellox\javascript\jerryengine\jerryengine\debug\ecma-builtin-number-prototype.obj
c:\hellox\javascript\jerryengine\jerryengine\debug\ecma-builtin-number.obj
c:\hellox\javascript\jerryengine\jerryengine\debug\ecma-builtin-object-prototype.obj
c:\hellox\javascript\jerryengine\jerryengine\debug\ecma-builtin-object.obj
c:\hellox\javascript\jerryengine\jerryengine\debug\ecma-builtin-rangeerror-prototype.obj
c:\hellox\javascript\jerryengine\jerryengine\debug\ecma-builtin-rangeerror.obj
c:\hellox\javascript\jerryengine\jerryengine\debug\ecma-builtin-referenceerror-prototype.obj
c:\hellox\javascript\jerryengine\jerryengine\debug\ecma-helpers-conversion.obj
c:\hellox\javascript\jerryengine\jerryengine\debug\ecma-helpers-errol.obj
c:\hellox\javascript\jerryengine\jerryengine\debug\ecma-helpers-external-pointers.obj
c:\hellox\javascript\jerryengine\jerryengine\debug\ecma-helpers-number.obj
c:\hellox\javascript\jerryengine\jerryengine\debug\ecma-helpers-string.obj
c:\hellox\javascript\jerryengine\jerryengine\debug\ecma-helpers-value.obj
c:\hellox\javascript\jerryengine\jerryengine\debug\ecma-helpers-values-collection.obj
c:\hellox\javascript\jerryengine\jerryengine\debug\ecma-helpers.obj
c:\hellox\javascript\jerryengine\jerryengine\debug\ecma-init-finalize.obj
c:\hellox\javascript\jerryengine\jerryengine\debug\ecma-lcache.obj
c:\hellox\javascript\jerryengine\jerryengine\debug\ecma-literal-storage.obj
c:\hellox\javascript\jerryengine\jerryengine\debug\ecma-property-hashmap.obj
c:\hellox\javascript\jerryengine\jerryengine\debug\ecma-builtin-array-prototype.obj
c:\hellox\javascript\jerryengine\jerryengine\debug\ecma-builtin-array.obj
c:\hellox\javascript\jerryengine\jerryengine\debug\ecma-builtin-arraybuffer-prototype.obj
c:\hellox\javascript\jerryengine\jerryengine\debug\ecma-builtin-arraybuffer.obj
c:\hellox\javascript\jerryengine\jerryengine\debug\ecma-builtin-boolean-prototype.obj
c:\hellox\javascript\jerryengine\jerryengine\debug\ecma-builtin-boolean.obj
c:\hellox\javascript\jerryengine\jerryengine\debug\ecma-builtin-date-prototype.obj
c:\hellox\javascript\jerryengine\jerryengine\debug\ecma-builtin-date.obj
c:\hellox\javascript\jerryengine\jerryengine\debug\ecma-alloc.obj
c:\hellox\javascript\jerryengine\jerryengine\debug\ecma-gc.obj
c:\hellox\javascript\jerryengine\jerryengine\debug\hellox-port.obj
c:\hellox\javascript\jerryengine\jerryengine\debug\entry.obj
c:\hellox\javascript\jerryengine\debug\jerryengine.ilk
c:\hellox\javascript\jerryengine\debug\jerryengine.exe
c:\hellox\javascript\jerryengine\debug\jerryengine.pdb
c:\hellox\javascript\jerryengine\jerryengine\debug\jerryengine.tlog\cl.command.1.tlog
c:\hellox\javascript\jerryengine\jerryengine\debug\jerryengine.tlog\cl.read.1.tlog
c:\hellox\javascript\jerryengine\jerryengine\debug\jerryengine.tlog\cl.write.1.tlog
c:\hellox\javascript\jerryengine\jerryengine\debug\jerryengine.tlog\link.command.1.tlog
c:\hellox\javascript\jerryengine\jerryengine\debug\jerryengine.tlog\link.read.1.tlog
c:\hellox\javascript\jerryengine\jerryengine\debug\jerryengine.tlog\link.write.1.tlog
