c:\hellox\personal\hellox_os\kernel\release\vc120.pdb
c:\hellox\personal\hellox_os\kernel\release\interp2.obj
c:\hellox\personal\hellox_os\kernel\release\interp.obj
c:\hellox\personal\hellox_os\kernel\release\direct.obj
c:\hellox\personal\hellox_os\kernel\release\hooks.obj
c:\hellox\personal\hellox_os\kernel\release\hash.obj
c:\hellox\personal\hellox_os\kernel\release\frame.obj
c:\hellox\personal\hellox_os\kernel\release\execute.obj
c:\hellox\personal\hellox_os\kernel\release\excep.obj
c:\hellox\personal\hellox_os\kernel\release\dll_ffi.obj
c:\hellox\personal\hellox_os\kernel\release\dll.obj
c:\hellox\personal\hellox_os\kernel\release\class.obj
c:\hellox\personal\hellox_os\kernel\release\cast.obj
c:\hellox\personal\hellox_os\kernel\release\alloc.obj
c:\hellox\personal\hellox_os\kernel\release\access.obj
c:\hellox\personal\hellox_os\kernel\release\mouse.obj
c:\hellox\personal\hellox_os\kernel\release\keybrd.obj
c:\hellox\personal\hellox_os\kernel\release\idehd.obj
c:\hellox\personal\hellox_os\kernel\release\idebase.obj
c:\hellox\personal\hellox_os\kernel\release\com.obj
c:\hellox\personal\hellox_os\kernel\release\biosvga.obj
c:\hellox\personal\hellox_os\kernel\release\zip.obj
c:\hellox\personal\hellox_os\kernel\release\utf8.obj
c:\hellox\personal\hellox_os\kernel\release\thread.obj
c:\hellox\personal\hellox_os\kernel\release\symbol.obj
c:\hellox\personal\hellox_os\kernel\release\sig.obj
c:\hellox\personal\hellox_os\kernel\release\shutdown.obj
c:\hellox\personal\hellox_os\kernel\release\resolve.obj
c:\hellox\personal\hellox_os\kernel\release\reflect.obj
c:\hellox\personal\hellox_os\kernel\release\properties.obj
c:\hellox\personal\hellox_os\kernel\release\os.obj
c:\hellox\personal\hellox_os\kernel\release\os_init.obj
c:\hellox\personal\hellox_os\kernel\release\dll_md.obj
c:\hellox\personal\hellox_os\kernel\release\natives.obj
c:\hellox\personal\hellox_os\kernel\release\lock.obj
c:\hellox\personal\hellox_os\kernel\release\jvm_time.obj
c:\hellox\personal\hellox_os\kernel\release\jvm_str.obj
c:\hellox\personal\hellox_os\kernel\release\jvm_init.obj
c:\hellox\personal\hellox_os\kernel\release\jni.obj
c:\hellox\personal\hellox_os\kernel\release\jam.obj
c:\hellox\personal\hellox_os\kernel\release\inlining.obj
c:\hellox\personal\hellox_os\kernel\release\getenv.obj
c:\hellox\personal\hellox_os\kernel\release\errno.obj
c:\hellox\personal\hellox_os\kernel\release\ctype.obj
c:\hellox\personal\hellox_os\kernel\release\atox.obj
c:\hellox\personal\hellox_os\kernel\release\ntfsdrv.obj
c:\hellox\personal\hellox_os\kernel\release\ntfs2.obj
c:\hellox\personal\hellox_os\kernel\release\ntfs.obj
c:\hellox\personal\hellox_os\kernel\release\fsstr.obj
c:\hellox\personal\hellox_os\kernel\release\fatstr.obj
c:\hellox\personal\hellox_os\kernel\release\fatmgr2.obj
c:\hellox\personal\hellox_os\kernel\release\fatmgr.obj
c:\hellox\personal\hellox_os\kernel\release\fat322.obj
c:\hellox\personal\hellox_os\kernel\release\fat32.obj
c:\hellox\personal\hellox_os\kernel\release\hellocn.obj
c:\hellox\personal\hellox_os\kernel\release\bios.obj
c:\hellox\personal\hellox_os\kernel\release\arch_x86.obj
c:\hellox\personal\hellox_os\kernel\release\logcat.obj
c:\hellox\personal\hellox_os\kernel\release\idle.obj
c:\hellox\personal\hellox_os\kernel\release\process.obj
c:\hellox\personal\hellox_os\kernel\release\chardisplay.obj
c:\hellox\personal\hellox_os\kernel\release\fibonacci.obj
c:\hellox\personal\hellox_os\kernel\release\fdisk2.obj
c:\hellox\personal\hellox_os\kernel\release\fdisk.obj
c:\hellox\personal\hellox_os\kernel\release\extcmd.obj
c:\hellox\personal\hellox_os\kernel\release\ethif.obj
c:\hellox\personal\hellox_os\kernel\release\ethentry.obj
c:\hellox\personal\hellox_os\kernel\release\time.obj
c:\hellox\personal\hellox_os\kernel\release\sysmem.obj
c:\hellox\personal\hellox_os\kernel\release\string.obj
c:\hellox\personal\hellox_os\kernel\release\stdio.obj
c:\hellox\personal\hellox_os\kernel\release\stat.obj
c:\hellox\personal\hellox_os\kernel\release\signal.obj
c:\hellox\personal\hellox_os\kernel\release\setjmp.obj
c:\hellox\personal\hellox_os\kernel\release\sched.obj
c:\hellox\personal\hellox_os\kernel\release\pthread_other.obj
c:\hellox\personal\hellox_os\kernel\release\pthread_mutex .obj
c:\hellox\personal\hellox_os\kernel\release\pthread.obj
c:\hellox\personal\hellox_os\kernel\release\memory.obj
c:\hellox\personal\hellox_os\kernel\release\math.obj
c:\hellox\personal\hellox_os\kernel\release\io.obj
c:\hellox\personal\hellox_os\kernel\release\dim.obj
c:\hellox\personal\hellox_os\kernel\release\devmgr.obj
c:\hellox\personal\hellox_os\kernel\release\debug.obj
c:\hellox\personal\hellox_os\kernel\release\console.obj
c:\hellox\personal\hellox_os\kernel\release\comqueue.obj
c:\hellox\personal\hellox_os\kernel\release\os_entry.obj
c:\hellox\personal\hellox_os\kernel\release\mem_scat.obj
c:\hellox\personal\hellox_os\kernel\release\drventry.obj
c:\hellox\personal\hellox_os\kernel\release\sysd_s.obj
c:\hellox\personal\hellox_os\kernel\release\stat_s.obj
c:\hellox\personal\hellox_os\kernel\release\shell_help.obj
c:\hellox\personal\hellox_os\kernel\release\shell1.obj
c:\hellox\personal\hellox_os\kernel\release\shell.obj
c:\hellox\personal\hellox_os\kernel\release\network2.obj
c:\hellox\personal\hellox_os\kernel\release\network.obj
c:\hellox\personal\hellox_os\kernel\release\ioctrl_s.obj
c:\hellox\personal\hellox_os\kernel\release\hypertrm.obj
c:\hellox\personal\hellox_os\kernel\release\hiscmd .obj
c:\hellox\personal\hellox_os\kernel\release\hedit.obj
c:\hellox\personal\hellox_os\kernel\release\fs.obj
c:\hellox\personal\hellox_os\kernel\release\system.obj
c:\hellox\personal\hellox_os\kernel\release\syscall.obj
c:\hellox\personal\hellox_os\kernel\release\synobj2.obj
c:\hellox\personal\hellox_os\kernel\release\synobj.obj
c:\hellox\personal\hellox_os\kernel\release\statcpu.obj
c:\hellox\personal\hellox_os\kernel\release\perf.obj
c:\hellox\personal\hellox_os\kernel\release\pci_drv.obj
c:\hellox\personal\hellox_os\kernel\release\pageidx.obj
c:\hellox\personal\hellox_os\kernel\release\objqueue.obj
c:\hellox\personal\hellox_os\kernel\release\objmgr.obj
c:\hellox\personal\hellox_os\kernel\release\modmgr.obj
c:\hellox\personal\hellox_os\kernel\release\memmgr.obj
c:\hellox\personal\hellox_os\kernel\release\mem_fbl.obj
c:\hellox\personal\hellox_os\kernel\release\ktmgr2.obj
c:\hellox\personal\hellox_os\kernel\release\ktmgr.obj
c:\hellox\personal\hellox_os\kernel\release\kmemmgr.obj
c:\hellox\personal\hellox_os\kernel\release\kermod.obj
c:\hellox\personal\hellox_os\kernel\release\kapi.obj
c:\hellox\personal\hellox_os\kernel\release\iomgr2.obj
c:\hellox\personal\hellox_os\kernel\release\iomgr.obj
c:\hellox\personal\hellox_os\kernel\release\memp.obj
c:\hellox\personal\hellox_os\kernel\release\mem.obj
c:\hellox\personal\hellox_os\kernel\release\ip_frag.obj
c:\hellox\personal\hellox_os\kernel\release\ip_addr.obj
c:\hellox\personal\hellox_os\kernel\release\ip.obj
c:\hellox\personal\hellox_os\kernel\release\init.obj
c:\hellox\personal\hellox_os\kernel\release\inet_chksum.obj
c:\hellox\personal\hellox_os\kernel\release\inet.obj
c:\hellox\personal\hellox_os\kernel\release\igmp.obj
c:\hellox\personal\hellox_os\kernel\release\icmp.obj
c:\hellox\personal\hellox_os\kernel\release\etharp.obj
c:\hellox\personal\hellox_os\kernel\release\err.obj
c:\hellox\personal\hellox_os\kernel\release\dns.obj
c:\hellox\personal\hellox_os\kernel\release\dhcp.obj
c:\hellox\personal\hellox_os\kernel\release\def.obj
c:\hellox\personal\hellox_os\kernel\release\autoip.obj
c:\hellox\personal\hellox_os\kernel\release\api_msg.obj
c:\hellox\personal\hellox_os\kernel\release\api_lib.obj
c:\hellox\personal\hellox_os\kernel\release\vmm.obj
c:\hellox\personal\hellox_os\kernel\release\types.obj
c:\hellox\personal\hellox_os\kernel\release\udp.obj
c:\hellox\personal\hellox_os\kernel\release\timers.obj
c:\hellox\personal\hellox_os\kernel\release\tcpip.obj
c:\hellox\personal\hellox_os\kernel\release\tcp_out.obj
c:\hellox\personal\hellox_os\kernel\release\tcp_in.obj
c:\hellox\personal\hellox_os\kernel\release\tcp.obj
c:\hellox\personal\hellox_os\kernel\release\sys_arch.obj
c:\hellox\personal\hellox_os\kernel\release\sys.obj
c:\hellox\personal\hellox_os\kernel\release\stats.obj
c:\hellox\personal\hellox_os\kernel\release\sockets.obj
c:\hellox\personal\hellox_os\kernel\release\raw.obj
c:\hellox\personal\hellox_os\kernel\release\pbuf.obj
c:\hellox\personal\hellox_os\kernel\release\netifapi.obj
c:\hellox\personal\hellox_os\kernel\release\netif.obj
c:\hellox\personal\hellox_os\kernel\release\netdb.obj
c:\hellox\personal\hellox_os\kernel\release\netbuf.obj
c:\hellox\personal\hellox_os\kernel\release\master.dll
c:\hellox\personal\hellox_os\kernel\.\release\master.dll
c:\hellox\personal\hellox_os\kernel\release\master.tlog\cl.command.1.tlog
c:\hellox\personal\hellox_os\kernel\release\master.tlog\cl.read.1.tlog
c:\hellox\personal\hellox_os\kernel\release\master.tlog\cl.write.1.tlog
c:\hellox\personal\hellox_os\kernel\release\master.tlog\link.command.1.tlog
c:\hellox\personal\hellox_os\kernel\release\master.tlog\link.read.1.tlog
c:\hellox\personal\hellox_os\kernel\release\master.tlog\link.write.1.tlog
