Build started 2015/7/19 14:13:23.
     1>Project "C:\HelloX\personal\HelloX_OS\kernel\master.vcxproj" on node 2 (Rebuild target(s)).
     1>ClCompile:
         C:\Program Files (x86)\Microsoft Visual Studio 12.0\VC\bin\CL.exe /c /I.\include /I.\arch\x86 /I.\jvm\arch /I.\jvm\classlib\openjdk /Zi /nologo /W3 /WX- /O1 /Ob1 /Oy- /D WIN32 /D NDEBUG /D _WINDOWS /D _USRDLL /D MASTER_EXPORTS /D _VC80_UPGRADE=0x0600 /D _WINDLL /D _MBCS /GF /Gm- /MD /GS- /Gy /fp:precise /Zc:wchar_t /Zc:forScope /Fo".\Release\\" /Fd".\Release\vc120.pdb" /Gd /TC /analyze- /errorReport:prompt arch\x86\BIOSVGA.C drivers\x86\com.c drivers\x86\IDEBASE.C drivers\x86\IDEHD.C drivers\x86\KEYBRD.C drivers\x86\MOUSE.C jvm\access.c jvm\alloc.c jvm\cast.c jvm\class.c jvm\dll.c jvm\dll_ffi.c jvm\excep.c jvm\execute.c jvm\frame.c jvm\hash.c jvm\hooks.c jvm\interp\direct.c jvm\interp\engine\interp.c jvm\interp\engine\interp2.c jvm\interp\inlining.c jvm\jam.c jvm\jni.c jvm\jvm_init.c jvm\jvm_str.c jvm\jvm_time.c jvm\lock.c jvm\natives.c jvm\os\HelloX\i386\dll_md.c jvm\os\HelloX\i386\os_init.c jvm\os\HelloX\os.c jvm\properties.c jvm\reflect.c jvm\resolve.c jvm\shutdown.c jvm\sig.c jvm\symbol.c jvm\thread.c jvm\utf8.c jvm\zip.c kernel\CharDisplay.C kernel\process.c kthread\idle.c kthread\logcat.c arch\x86\ARCH_X86.C arch\x86\BIOS.C arch\x86\HELLOCN.C fs\FAT32.C fs\FAT322.C fs\FATMGR.C fs\FATMGR2.C fs\FATSTR.C fs\fsstr.c fs\NTFS.C fs\NTFS2.C fs\NTFSDRV.C lib\atox.c lib\ctype.c lib\errno.c lib\getenv.c lib\io.c lib\math.c lib\memory.c lib\pthread.c "lib\pthread_mutex .c" lib\pthread_other.c lib\sched.c lib\setjmp.c lib\signal.c lib\stat.c lib\stdio.c lib\string.c lib\sysmem.c lib\time.c network\ethernet\ethentry.c network\ethernet\ethif.c shell\EXTCMD.C shell\FDISK.C shell\FDISK2.C shell\FIBONACCI.C shell\FS.C shell\HEDIT.C "shell\HISCMD .C" shell\HYPERTRM.C shell\IOCTRL_S.C shell\network.c shell\network2.c shell\SHELL.C shell\SHELL1.C shell\SHELL_HELP.C shell\STAT_S.C shell\SYSD_S.C osentry\DRVENTRY.C osentry\mem_scat.c osentry\OS_ENTRY.C kernel\COMQUEUE.C kernel\console.c kernel\debug.c kernel\DEVMGR.C kernel\DIM.C kernel\IOMGR.C kernel\IOMGR2.C kernel\KAPI.C kernel\KERMOD.C kernel\KMEMMGR.C kernel\KTMGR.C kernel\KTMGR2.C kernel\MEM_FBL.C kernel\MEMMGR.C kernel\MODMGR.C kernel\OBJMGR.C kernel\OBJQUEUE.C kernel\PAGEIDX.C kernel\PCI_DRV.C kernel\PERF.C kernel\STATCPU.C kernel\SYNOBJ.C kernel\synobj2.c kernel\SYSCALL.C kernel\SYSTEM.C kernel\TYPES.C kernel\VMM.C network\api\api_lib.c network\api\api_msg.c network\core\autoip.c network\core\def.c network\core\dhcp.c network\core\dns.c network\api\err.c network\netif\etharp.c network\core\icmp.c network\core\igmp.c network\core\inet.c network\core\inet_chksum.c network\core\init.c network\core\ip.c network\core\ip_addr.c network\core\ip_frag.c network\core\mem.c network\core\memp.c network\api\netbuf.c network\api\netdb.c network\core\netif.c network\api\netifapi.c network\core\pbuf.c network\core\raw.c network\api\sockets.c network\core\stats.c network\core\sys.c network\arch\sys_arch.c network\core\tcp.c network\core\tcp_in.c network\core\tcp_out.c network\api\tcpip.c network\core\timers.c network\core\udp.c
         BIOSVGA.C
         com.c
         IDEBASE.C
         IDEHD.C
         KEYBRD.C
         MOUSE.C
         access.c
         alloc.c
     1>jvm\alloc.c(348): warning C4018: '>' : signed/unsigned mismatch
     1>jvm\alloc.c(488): warning C4018: '>' : signed/unsigned mismatch
     1>jvm\alloc.c(502): warning C4018: '>' : signed/unsigned mismatch
     1>jvm\alloc.c(513): warning C4018: '>' : signed/unsigned mismatch
     1>jvm\alloc.c(525): warning C4018: '>' : signed/unsigned mismatch
     1>jvm\alloc.c(540): warning C4018: '>' : signed/unsigned mismatch
     1>jvm\alloc.c(607): warning C4018: '>' : signed/unsigned mismatch
     1>jvm\alloc.c(1510): warning C4018: '<' : signed/unsigned mismatch
     1>jvm\alloc.c(1601): warning C4244: '=' : conversion from 'double' to 'float', possible loss of data
     1>jvm\alloc.c(1605): warning C4244: '=' : conversion from 'double' to 'float', possible loss of data
     1>jvm\alloc.c(1860): warning C4018: '>' : signed/unsigned mismatch
     1>jvm\alloc.c(1894): warning C4018: '<=' : signed/unsigned mismatch
     1>jvm\alloc.c(1894): warning C4018: '>=' : signed/unsigned mismatch
     1>jvm\alloc.c(1921): warning C4018: '<=' : signed/unsigned mismatch
     1>jvm\alloc.c(1921): warning C4018: '>=' : signed/unsigned mismatch
     1>jvm\alloc.c(1946): warning C4018: '<=' : signed/unsigned mismatch
     1>jvm\alloc.c(2051): warning C4018: '>' : signed/unsigned mismatch
         cast.c
         class.c
     1>jvm\class.c(1268): warning C4003: not enough actual parameters for macro 'executeStaticMethod'
     1>jvm\class.c(1586): warning C4003: not enough actual parameters for macro 'executeStaticMethod'
         dll.c
     1>jvm\dll.c(115): warning C4244: '=' : conversion from 'unsigned short' to 'char', possible loss of data
         dll_ffi.c
         excep.c
         execute.c
     1>jvm\execute.c(153): warning C4244: '=' : conversion from 'double' to 'float', possible loss of data
         frame.c
         hash.c
         hooks.c
         direct.c
         interp.c
     1>jvm\interp\engine\interp.c(665): warning C4018: '>=' : signed/unsigned mismatch
     1>jvm\interp\engine\interp.c(669): warning C4018: '>=' : signed/unsigned mismatch
     1>jvm\interp\engine\interp.c(673): warning C4018: '>=' : signed/unsigned mismatch
     1>jvm\interp\engine\interp.c(677): warning C4018: '>=' : signed/unsigned mismatch
     1>jvm\interp\engine\interp.c(681): warning C4018: '>=' : signed/unsigned mismatch
     1>jvm\interp\engine\interp.c(692): warning C4018: '>=' : signed/unsigned mismatch
     1>jvm\interp\engine\interp.c(718): warning C4018: '>=' : signed/unsigned mismatch
     1>jvm\interp\engine\interp.c(722): warning C4018: '>=' : signed/unsigned mismatch
     1>jvm\interp\engine\interp.c(728): warning C4018: '>=' : signed/unsigned mismatch
     1>jvm\interp\engine\interp.c(743): warning C4018: '>=' : signed/unsigned mismatch
     1>jvm\interp\engine\interp.c(772): warning C4018: '>=' : signed/unsigned mismatch
     1>jvm\interp\engine\interp.c(1005): warning C4244: '=' : conversion from 'double' to 'float', possible loss of data
     1>jvm\interp\engine\interp.c(1827): warning C4244: '=' : conversion from 'u2' to 'unsigned char', possible loss of data
         interp2.c
         Generating Code...
         Compiling...
         inlining.c
         jam.c
         jni.c
     1>jvm\jni.c(1451): warning C4003: not enough actual parameters for macro 'METHODS'
     1>jvm\jni.c(1454): warning C4003: not enough actual parameters for macro 'FIELDS'
         jvm_init.c
         jvm_str.c
     1>jvm\jvm_str.c(152): warning C4244: '=' : conversion from 'unsigned short' to 'char', possible loss of data
         jvm_time.c
         lock.c
         natives.c
     1>jvm\natives.c(119): warning C4018: '>' : signed/unsigned mismatch
     1>jvm\natives.c(120): warning C4018: '>' : signed/unsigned mismatch
     1>jvm\natives.c(642): warning C4018: '>' : signed/unsigned mismatch
         dll_md.c
         os_init.c
         os.c
         properties.c
         reflect.c
         resolve.c
         shutdown.c
         sig.c
         symbol.c
         thread.c
     1>jvm\thread.c(743): warning C4244: '=' : conversion from '__int64' to 'int', possible loss of data
         utf8.c
     1>jvm\utf8.c(176): warning C4244: '=' : conversion from 'unsigned short' to 'char', possible loss of data
         zip.c
         Generating Code...
         Compiling...
         CharDisplay.C
         process.c
         idle.c
         logcat.c
         ARCH_X86.C
     1>arch\x86\ARCH_X86.C(101): warning C4013: '_hx_printf' undefined; assuming extern returning int
         BIOS.C
         HELLOCN.C
         FAT32.C
         FAT322.C
     1>fs\FAT322.C(133): warning C4020: 'FatMem_Alloc' : too many actual parameters
         FATMGR.C
         FATMGR2.C
         FATSTR.C
         fsstr.c
         NTFS.C
         NTFS2.C
         NTFSDRV.C
         atox.c
         ctype.c
         errno.c
         getenv.c
         Generating Code...
         Compiling...
         io.c
     1>lib\io.c(59): warning C4018: '<' : signed/unsigned mismatch
         math.c
         memory.c
         pthread.c
         pthread_mutex .c
     1>lib\pthread_mutex .c(181): warning C4244: '=' : conversion from 'const __int64' to 'DWORD', possible loss of data
     1>lib\pthread_mutex .c(182): warning C4244: '+=' : conversion from 'const __int64' to 'DWORD', possible loss of data
         pthread_other.c
     1>lib\pthread_other.c(161): warning C4244: '=' : conversion from 'const __int64' to 'DWORD', possible loss of data
     1>lib\pthread_other.c(162): warning C4244: '+=' : conversion from 'const __int64' to 'DWORD', possible loss of data
         sched.c
         setjmp.c
         signal.c
         stat.c
         stdio.c
     1>lib\stdio.c(697): warning C4133: 'function' : incompatible types - from 'DWORD *' to 'WORD *'
     1>lib\stdio.c(699): warning C4244: 'function' : conversion from 'DWORD' to 'WORD', possible loss of data
         string.c
     1>lib\string.c(578): warning C4146: unary minus operator applied to unsigned type, result still unsigned
     1>lib\string.c(612): warning C4146: unary minus operator applied to unsigned type, result still unsigned
         sysmem.c
         time.c
     1>lib\time.c(195): warning C4133: 'function' : incompatible types - from 'long *' to 'const time_t *'
     1>lib\time.c(207): warning C4133: 'function' : incompatible types - from 'long *' to 'const time_t *'
     1>lib\time.c(213): warning C4133: 'function' : incompatible types - from 'long *' to 'const time_t *'
     1>lib\time.c(257): warning C4244: 'initializing' : conversion from 'const time_t' to 'long', possible loss of data
         ethentry.c
         ethif.c
         EXTCMD.C
         FDISK.C
         FDISK2.C
         FIBONACCI.C
         Generating Code...
         Compiling...
         FS.C
         HEDIT.C
         HISCMD .C
         HYPERTRM.C
         IOCTRL_S.C
         network.c
         network2.c
         SHELL.C
         SHELL1.C
         SHELL_HELP.C
     1>shell\SHELL_HELP.C(212): warning C4090: 'initializing' : different 'const' qualifiers
         STAT_S.C
         SYSD_S.C
         DRVENTRY.C
         mem_scat.c
         OS_ENTRY.C
         COMQUEUE.C
         console.c
         debug.c
         DEVMGR.C
         DIM.C
         Generating Code...
         Compiling...
         IOMGR.C
         IOMGR2.C
         KAPI.C
         KERMOD.C
         KMEMMGR.C
         KTMGR.C
         KTMGR2.C
         MEM_FBL.C
         MEMMGR.C
         MODMGR.C
         OBJMGR.C
         OBJQUEUE.C
         PAGEIDX.C
         PCI_DRV.C
         PERF.C
         STATCPU.C
         SYNOBJ.C
         synobj2.c
         SYSCALL.C
         SYSTEM.C
         Generating Code...
         Compiling...
         TYPES.C
         VMM.C
         api_lib.c
         api_msg.c
         autoip.c
         def.c
         dhcp.c
         dns.c
         err.c
         etharp.c
         icmp.c
         igmp.c
         inet.c
         inet_chksum.c
         init.c
         ip.c
     1>network\core\ip.c(688): warning C4244: '=' : conversion from 'u32_t' to 'u16_t', possible loss of data
         ip_addr.c
         ip_frag.c
         mem.c
         memp.c
         Generating Code...
         Compiling...
         netbuf.c
         netdb.c
         netif.c
         netifapi.c
         pbuf.c
         raw.c
         sockets.c
         stats.c
         sys.c
         sys_arch.c
         tcp.c
         tcp_in.c
     1>network\core\tcp_in.c(1450): warning C4244: '=' : conversion from 'unsigned long' to 'u16_t', possible loss of data
         tcp_out.c
         tcpip.c
         timers.c
         udp.c
         Generating Code...
       Link:
         C:\Program Files (x86)\Microsoft Visual Studio 12.0\VC\bin\link.exe /ERRORREPORT:PROMPT /OUT:".\release\master.dll" /INCREMENTAL:NO /NOLOGO kernel32.lib user32.lib gdi32.lib winspool.lib comdlg32.lib advapi32.lib shell32.lib ole32.lib oleaut32.lib uuid.lib odbc32.lib odbccp32.lib /MANIFEST:NO /PDB:".\Release\master.pdb" /SUBSYSTEM:CONSOLE /TLBID:1 /ENTRY:"__OS_Entry" /BASE:"0x110000" /DYNAMICBASE /NXCOMPAT /IMPLIB:".\Release\master.lib" /MACHINE:X86 /SAFESEH  /ALIGN:32 /DLL .\Release\BIOSVGA.obj
         .\Release\com.obj
         .\Release\IDEBASE.obj
         .\Release\IDEHD.obj
         .\Release\KEYBRD.obj
         .\Release\MOUSE.obj
         .\Release\access.obj
         .\Release\alloc.obj
         .\Release\cast.obj
         .\Release\class.obj
         .\Release\dll.obj
         .\Release\dll_ffi.obj
         .\Release\excep.obj
         .\Release\execute.obj
         .\Release\frame.obj
         .\Release\hash.obj
         .\Release\hooks.obj
         .\Release\direct.obj
         .\Release\interp.obj
         .\Release\interp2.obj
         .\Release\inlining.obj
         .\Release\jam.obj
         .\Release\jni.obj
         .\Release\jvm_init.obj
         .\Release\jvm_str.obj
         .\Release\jvm_time.obj
         .\Release\lock.obj
         .\Release\natives.obj
         .\Release\dll_md.obj
         .\Release\os_init.obj
         .\Release\os.obj
         .\Release\properties.obj
         .\Release\reflect.obj
         .\Release\resolve.obj
         .\Release\shutdown.obj
         .\Release\sig.obj
         .\Release\symbol.obj
         .\Release\thread.obj
         .\Release\utf8.obj
         .\Release\zip.obj
         .\Release\CharDisplay.obj
         .\Release\process.obj
         .\Release\idle.obj
         .\Release\logcat.obj
         .\Release\ARCH_X86.obj
         .\Release\BIOS.obj
         .\Release\HELLOCN.obj
         .\Release\FAT32.obj
         .\Release\FAT322.obj
         .\Release\FATMGR.obj
         .\Release\FATMGR2.obj
         .\Release\FATSTR.obj
         .\Release\fsstr.obj
         .\Release\NTFS.obj
         .\Release\NTFS2.obj
         .\Release\NTFSDRV.obj
         .\Release\atox.obj
         .\Release\ctype.obj
         .\Release\errno.obj
         .\Release\getenv.obj
         .\Release\io.obj
         .\Release\math.obj
         .\Release\memory.obj
         .\Release\pthread.obj
         ".\Release\pthread_mutex .obj"
         .\Release\pthread_other.obj
         .\Release\sched.obj
         .\Release\setjmp.obj
         .\Release\signal.obj
         .\Release\stat.obj
         .\Release\stdio.obj
         .\Release\string.obj
         .\Release\sysmem.obj
         .\Release\time.obj
         .\Release\ethentry.obj
         .\Release\ethif.obj
         .\Release\EXTCMD.obj
         .\Release\FDISK.obj
         .\Release\FDISK2.obj
         .\Release\FIBONACCI.obj
         .\Release\FS.obj
         .\Release\HEDIT.obj
         ".\Release\HISCMD .obj"
         .\Release\HYPERTRM.obj
         .\Release\IOCTRL_S.obj
         .\Release\network.obj
         .\Release\network2.obj
         .\Release\SHELL.obj
         .\Release\SHELL1.obj
         .\Release\SHELL_HELP.obj
         .\Release\STAT_S.obj
         .\Release\SYSD_S.obj
         .\Release\DRVENTRY.obj
         .\Release\mem_scat.obj
         .\Release\OS_ENTRY.obj
         .\Release\COMQUEUE.obj
         .\Release\console.obj
         .\Release\debug.obj
         .\Release\DEVMGR.obj
         .\Release\DIM.obj
         .\Release\IOMGR.obj
         .\Release\IOMGR2.obj
         .\Release\KAPI.obj
         .\Release\KERMOD.obj
         .\Release\KMEMMGR.obj
         .\Release\KTMGR.obj
         .\Release\KTMGR2.obj
         .\Release\MEM_FBL.obj
         .\Release\MEMMGR.obj
         .\Release\MODMGR.obj
         .\Release\OBJMGR.obj
         .\Release\OBJQUEUE.obj
         .\Release\PAGEIDX.obj
         .\Release\PCI_DRV.obj
         .\Release\PERF.obj
         .\Release\STATCPU.obj
         .\Release\SYNOBJ.obj
         .\Release\synobj2.obj
         .\Release\SYSCALL.obj
         .\Release\SYSTEM.obj
         .\Release\TYPES.obj
         .\Release\VMM.obj
         .\Release\api_lib.obj
         .\Release\api_msg.obj
         .\Release\autoip.obj
         .\Release\def.obj
         .\Release\dhcp.obj
         .\Release\dns.obj
         .\Release\err.obj
         .\Release\etharp.obj
         .\Release\icmp.obj
         .\Release\igmp.obj
         .\Release\inet.obj
         .\Release\inet_chksum.obj
         .\Release\init.obj
         .\Release\ip.obj
         .\Release\ip_addr.obj
         .\Release\ip_frag.obj
         .\Release\mem.obj
         .\Release\memp.obj
         .\Release\netbuf.obj
         .\Release\netdb.obj
         .\Release\netif.obj
         .\Release\netifapi.obj
         .\Release\pbuf.obj
         .\Release\raw.obj
         .\Release\sockets.obj
         .\Release\stats.obj
         .\Release\sys.obj
         .\Release\sys_arch.obj
         .\Release\tcp.obj
         .\Release\tcp_in.obj
         .\Release\tcp_out.obj
         .\Release\tcpip.obj
         .\Release\timers.obj
         .\Release\udp.obj
     1>LINK : warning LNK4108: /ALIGN specified without /DRIVER; image may not run
     1>.\release\master.dll : warning LNK4086: entrypoint '___OS_Entry' is not __stdcall with 12 bytes of arguments; image may not run
         master.vcxproj -> C:\HelloX\personal\HelloX_OS\kernel\.\Release\master.dll
     1>Done Building Project "C:\HelloX\personal\HelloX_OS\kernel\master.vcxproj" (Rebuild target(s)).

Build succeeded.

Time Elapsed 00:00:07.88
