c:\hellox\v178\gui\release\hcngui.bsc
c:\hellox\v178\gui\release\vc120.pdb
c:\hellox\v178\gui\release\clendar.sbr
c:\hellox\v178\gui\release\hellow.sbr
c:\hellox\v178\gui\release\bmpbtn.sbr
c:\hellox\v178\gui\release\button.sbr
c:\hellox\v178\gui\release\msgbox.sbr
c:\hellox\v178\gui\release\guientry.sbr
c:\hellox\v178\gui\release\kapi.sbr
c:\hellox\v178\gui\release\math.sbr
c:\hellox\v178\gui\release\stdio.sbr
c:\hellox\v178\gui\release\string.sbr
c:\hellox\v178\gui\release\appband.sbr
c:\hellox\v178\gui\release\clend.sbr
c:\hellox\v178\gui\release\clock.sbr
c:\hellox\v178\gui\release\guishell.sbr
c:\hellox\v178\gui\release\guiwproc.sbr
c:\hellox\v178\gui\release\launch.sbr
c:\hellox\v178\gui\release\mousemgr.sbr
c:\hellox\v178\gui\release\rawit.sbr
c:\hellox\v178\gui\release\bmpapi.sbr
c:\hellox\v178\gui\release\data.sbr
c:\hellox\v178\gui\release\data.obj
c:\hellox\v178\gui\release\bmpapi.obj
c:\hellox\v178\gui\release\rawit.obj
c:\hellox\v178\gui\release\mousemgr.obj
c:\hellox\v178\gui\release\launch.obj
c:\hellox\v178\gui\release\guiwproc.obj
c:\hellox\v178\gui\release\guishell.obj
c:\hellox\v178\gui\release\clock.obj
c:\hellox\v178\gui\release\clend.obj
c:\hellox\v178\gui\release\appband.obj
c:\hellox\v178\gui\release\string.obj
c:\hellox\v178\gui\release\stdio.obj
c:\hellox\v178\gui\release\math.obj
c:\hellox\v178\gui\release\kapi.obj
c:\hellox\v178\gui\release\guientry.obj
c:\hellox\v178\gui\release\msgbox.obj
c:\hellox\v178\gui\release\button.obj
c:\hellox\v178\gui\release\bmpbtn.obj
c:\hellox\v178\gui\release\hellow.obj
c:\hellox\v178\gui\release\clendar.obj
c:\hellox\v178\gui\release\syscall.sbr
c:\hellox\v178\gui\release\global.sbr
c:\hellox\v178\gui\release\video.sbr
c:\hellox\v178\gui\release\clipzone.sbr
c:\hellox\v178\gui\release\defwproc.sbr
c:\hellox\v178\gui\release\gdi.sbr
c:\hellox\v178\gui\release\wndmgr.sbr
c:\hellox\v178\gui\release\wordlib.sbr
c:\hellox\v178\gui\release\wordlib.obj
c:\hellox\v178\gui\release\wndmgr.obj
c:\hellox\v178\gui\release\gdi.obj
c:\hellox\v178\gui\release\defwproc.obj
c:\hellox\v178\gui\release\clipzone.obj
c:\hellox\v178\gui\release\video.obj
c:\hellox\v178\gui\release\global.obj
c:\hellox\v178\gui\release\syscall.obj
c:\hellox\v178\gui\release\hcngui.dll
c:\hellox\v178\gui\.\release\hcngui.dll
c:\hellox\v178\gui\release\hcngui.tlog\bscmake.command.1.tlog
c:\hellox\v178\gui\release\hcngui.tlog\bscmake.read.1.tlog
c:\hellox\v178\gui\release\hcngui.tlog\bscmake.write.1.tlog
c:\hellox\v178\gui\release\hcngui.tlog\cl.command.1.tlog
c:\hellox\v178\gui\release\hcngui.tlog\cl.read.1.tlog
c:\hellox\v178\gui\release\hcngui.tlog\cl.write.1.tlog
c:\hellox\v178\gui\release\hcngui.tlog\link.command.1.tlog
c:\hellox\v178\gui\release\hcngui.tlog\link.read.1.tlog
c:\hellox\v178\gui\release\hcngui.tlog\link.write.1.tlog
