Build started 2015/5/10 17:21:51.
     1>Project "C:\HelloX\V178\gui\HCNGUI.vcxproj" on node 2 (Rebuild target(s)).
     1>ClCompile:
         C:\Program Files (x86)\Microsoft Visual Studio 12.0\VC\bin\CL.exe /c /Zi /nologo /W3 /WX- /Od /Oy /D WIN32 /D NDEBUG /D _WINDOWS /D _USRDLL /D HCNGUI_EXPORTS /D _VC80_UPGRADE=0x0600 /D _WINDLL /D _UNICODE /D UNICODE /GF- /Gm- /MD /GS- /Gy- /arch:IA32 /fp:precise /fp:except- /Zc:wchar_t /Zc:forScope /Fo".\Release\\" /Fd".\Release\vc120.pdb" /FR".\Release\\" /Gd /TP /analyze- /errorReport:prompt APP\CLENDAR.CPP APP\HELLOW.CPP CTRL\bmpbtn.cpp CTRL\BUTTON.CPP CTRL\MSGBOX.CPP GUIENTRY.CPP KAPI\KAPI.CPP KAPI\math.cpp KAPI\stdio.CPP KAPI\STRING.CPP KTHREAD\APPBAND.CPP KTHREAD\clend.cpp KTHREAD\clock.cpp KTHREAD\GUISHELL.CPP KTHREAD\GUIWPROC.CPP KTHREAD\launch.cpp KTHREAD\MOUSEMGR.CPP KTHREAD\RAWIT.CPP PICTURE\BMPAPI.cpp RES\data.cpp syscall\syscall.cpp VIDEO\GLOBAL.CPP VIDEO\VIDEO.CPP WINDOW\CLIPZONE.CPP WINDOW\DEFWPROC.CPP WINDOW\GDI.CPP WINDOW\WNDMGR.CPP WORD\WordLib.CPP
         CLENDAR.CPP
         HELLOW.CPP
         bmpbtn.cpp
     1>CTRL\bmpbtn.cpp(272): warning C4244: '=' : conversion from 'DWORD' to 'WORD', possible loss of data
         BUTTON.CPP
     1>CTRL\BUTTON.CPP(172): warning C4244: '=' : conversion from 'DWORD' to 'WORD', possible loss of data
         MSGBOX.CPP
         GUIENTRY.CPP
         KAPI.CPP
         math.cpp
         stdio.CPP
         STRING.CPP
         APPBAND.CPP
         clend.cpp
         clock.cpp
         GUISHELL.CPP
         GUIWPROC.CPP
         launch.cpp
         MOUSEMGR.CPP
         RAWIT.CPP
         BMPAPI.cpp
         data.cpp
         Generating Code...
         Compiling...
         syscall.cpp
         GLOBAL.CPP
         VIDEO.CPP
         CLIPZONE.CPP
         DEFWPROC.CPP
         GDI.CPP
         WNDMGR.CPP
     1>WINDOW\WNDMGR.CPP(258): warning C4018: '<=' : signed/unsigned mismatch
     1>WINDOW\WNDMGR.CPP(259): warning C4018: '<=' : signed/unsigned mismatch
     1>WINDOW\WNDMGR.CPP(270): warning C4018: '<=' : signed/unsigned mismatch
         WordLib.CPP
         Generating Code...
       Link:
         C:\Program Files (x86)\Microsoft Visual Studio 12.0\VC\bin\link.exe /ERRORREPORT:PROMPT /OUT:".\Release\HCNGUI.dll" /INCREMENTAL:NO /NOLOGO odbc32.lib odbccp32.lib kernel32.lib user32.lib gdi32.lib winspool.lib comdlg32.lib advapi32.lib shell32.lib ole32.lib oleaut32.lib uuid.lib odbc32.lib odbccp32.lib /MANIFEST:NO /PDB:".\Release\HCNGUI.pdb" /SUBSYSTEM:CONSOLE /Driver /TLBID:1 /ENTRY:"__GUIEntry" /BASE:"0x170000" /DYNAMICBASE /FIXED:NO /NXCOMPAT /IMPLIB:".\Release\HCNGUI.lib" /MACHINE:X86 /SAFESEH  /ALIGN:32 /DLL .\Release\CLENDAR.obj
         .\Release\HELLOW.obj
         .\Release\bmpbtn.obj
         .\Release\BUTTON.obj
         .\Release\MSGBOX.obj
         .\Release\GUIENTRY.obj
         .\Release\KAPI.obj
         .\Release\math.obj
         .\Release\stdio.obj
         .\Release\STRING.obj
         .\Release\APPBAND.obj
         .\Release\clend.obj
         .\Release\clock.obj
         .\Release\GUISHELL.obj
         .\Release\GUIWPROC.obj
         .\Release\launch.obj
         .\Release\MOUSEMGR.obj
         .\Release\RAWIT.obj
         .\Release\BMPAPI.obj
         .\Release\data.obj
         .\Release\syscall.obj
         .\Release\GLOBAL.obj
         .\Release\VIDEO.obj
         .\Release\CLIPZONE.obj
         .\Release\DEFWPROC.obj
         .\Release\GDI.obj
         .\Release\WNDMGR.obj
         .\Release\WordLib.obj
     1>.\Release\HCNGUI.dll : warning LNK4086: entrypoint '___GUIEntry' is not __stdcall with 12 bytes of arguments; image may not run
     1>MSVCRT.lib(cpu_disp.obj) : warning LNK4210: .CRT section exists; there may be unhandled static initializers or terminators
         HCNGUI.vcxproj -> C:\HelloX\V178\gui\.\Release\HCNGUI.dll
       BscMake:
         C:\Program Files (x86)\Microsoft Visual Studio 12.0\VC\bin\bscmake.exe /nologo /o".\Release\HCNGUI.bsc" .\Release\CLENDAR.sbr .\Release\HELLOW.sbr .\Release\bmpbtn.sbr .\Release\BUTTON.sbr .\Release\MSGBOX.sbr .\Release\GUIENTRY.sbr .\Release\KAPI.sbr .\Release\math.sbr .\Release\stdio.sbr .\Release\STRING.sbr .\Release\APPBAND.sbr .\Release\clend.sbr .\Release\clock.sbr .\Release\GUISHELL.sbr .\Release\GUIWPROC.sbr .\Release\launch.sbr .\Release\MOUSEMGR.sbr .\Release\RAWIT.sbr .\Release\BMPAPI.sbr .\Release\data.sbr .\Release\syscall.sbr .\Release\GLOBAL.sbr .\Release\VIDEO.sbr .\Release\CLIPZONE.sbr .\Release\DEFWPROC.sbr .\Release\GDI.sbr .\Release\WNDMGR.sbr .\Release\WordLib.sbr
     1>Done Building Project "C:\HelloX\V178\gui\HCNGUI.vcxproj" (Rebuild target(s)).

Build succeeded.

Time Elapsed 00:00:01.74
