Build started 2017/2/25 17:09:31.
     1>Project "C:\HelloX\personal\HelloX_OS\JerryEngine\JerryEngine\JerryEngine.vcxproj" on node 2 (Rebuild target(s)).
     1>ClCompile:
         C:\Program Files (x86)\Microsoft Visual Studio 12.0\VC\bin\CL.exe /c /Zi /nologo /W3 /WX- /sdl- /O1 /Oy- /D WIN32 /D NDEBUG /D _CONSOLE /D _LIB /D _UNICODE /D UNICODE /Gm- /MD /GS- /Gy /arch:IA32 /fp:precise /Zc:wchar_t /Zc:forScope /Fo"Release\\" /Fd"Release\vc120.pdb" /Gd /TC /analyze- /errorReport:prompt "ecma\base\ecma-alloc.c" "ecma\base\ecma-gc.c" "ecma\base\ecma-helpers-conversion.c" "ecma\base\ecma-helpers-errol.c" "ecma\base\ecma-helpers-external-pointers.c" "ecma\base\ecma-helpers-number.c" "ecma\base\ecma-helpers-string.c" "ecma\base\ecma-helpers-value.c" "ecma\base\ecma-helpers-values-collection.c" "ecma\base\ecma-helpers.c" "ecma\base\ecma-init-finalize.c" "ecma\base\ecma-lcache.c" "ecma\base\ecma-literal-storage.c" "ecma\base\ecma-property-hashmap.c" "ecma\builtin-objects\ecma-builtin-array-prototype.c" "ecma\builtin-objects\ecma-builtin-array.c" "ecma\builtin-objects\ecma-builtin-arraybuffer-prototype.c" "ecma\builtin-objects\ecma-builtin-arraybuffer.c" "ecma\builtin-objects\ecma-builtin-boolean-prototype.c" "ecma\builtin-objects\ecma-builtin-boolean.c" "ecma\builtin-objects\ecma-builtin-date-prototype.c" "ecma\builtin-objects\ecma-builtin-date.c" "ecma\builtin-objects\ecma-builtin-error-prototype.c" "ecma\builtin-objects\ecma-builtin-error.c" "ecma\builtin-objects\ecma-builtin-evalerror-prototype.c" "ecma\builtin-objects\ecma-builtin-evalerror.c" "ecma\builtin-objects\ecma-builtin-function-prototype.c" "ecma\builtin-objects\ecma-builtin-function.c" "ecma\builtin-objects\ecma-builtin-global.c" "ecma\builtin-objects\ecma-builtin-helpers-date.c" "ecma\builtin-objects\ecma-builtin-helpers-error.c" "ecma\builtin-objects\ecma-builtin-helpers-json.c" "ecma\builtin-objects\ecma-builtin-helpers.c" "ecma\builtin-objects\ecma-builtin-json.c" "ecma\builtin-objects\ecma-builtin-math.c" "ecma\builtin-objects\ecma-builtin-number-prototype.c" "ecma\builtin-objects\ecma-builtin-number.c" "ecma\builtin-objects\ecma-builtin-object-prototype.c" "ecma\builtin-objects\ecma-builtin-object.c" "ecma\builtin-objects\ecma-builtin-rangeerror-prototype.c" "ecma\builtin-objects\ecma-builtin-rangeerror.c" "ecma\builtin-objects\ecma-builtin-referenceerror-prototype.c" "ecma\builtin-objects\ecma-builtin-referenceerror.c" "ecma\builtin-objects\ecma-builtin-regexp-prototype.c" "ecma\builtin-objects\ecma-builtin-regexp.c" "ecma\builtin-objects\ecma-builtin-string-prototype.c" "ecma\builtin-objects\ecma-builtin-string.c" "ecma\builtin-objects\ecma-builtin-syntaxerror-prototype.c" "ecma\builtin-objects\ecma-builtin-syntaxerror.c" "ecma\builtin-objects\ecma-builtin-type-error-thrower.c" "ecma\builtin-objects\ecma-builtin-typeerror-prototype.c" "ecma\builtin-objects\ecma-builtin-typeerror.c" "ecma\builtin-objects\ecma-builtin-urierror-prototype.c" "ecma\builtin-objects\ecma-builtin-urierror.c" "ecma\builtin-objects\ecma-builtins.c" "ecma\operations\ecma-array-object.c" "ecma\operations\ecma-arraybuffer-object.c" "ecma\operations\ecma-boolean-object.c" "ecma\operations\ecma-comparison.c" "ecma\operations\ecma-conversion.c" "ecma\operations\ecma-eval.c" "ecma\operations\ecma-exceptions.c" "ecma\operations\ecma-function-object.c" "ecma\operations\ecma-get-put-value.c" "ecma\operations\ecma-lex-env.c" "ecma\operations\ecma-number-arithmetic.c" "ecma\operations\ecma-number-object.c" "ecma\operations\ecma-objects-arguments.c" "ecma\operations\ecma-objects-general.c" "ecma\operations\ecma-objects.c" "ecma\operations\ecma-reference.c" "ecma\operations\ecma-regexp-object.c" "ecma\operations\ecma-string-object.c" entry.c "hellox-port.c" hxlib\acos.c hxlib\asin.c hxlib\atan.c hxlib\atan2.c hxlib\atox.c hxlib\ceil.c hxlib\copysign.c hxlib\ctype.c hxlib\errno.c hxlib\exp.c hxlib\fabs.c hxlib\finite.c hxlib\getenv.c hxlib\io.c hxlib\kapi.c hxlib\log.c hxlib\math.c hxlib\memory.c hxlib\nextafter.c hxlib\pow.c hxlib\pthread.c hxlib\pthread_mutex.c hxlib\pthread_other.c hxlib\rand.c hxlib\scalbn.c hxlib\sched.c hxlib\setjmp.c hxlib\signal.c hxlib\sqrt.c hxlib\stat.c hxlib\stdio.c hxlib\string.c hxlib\sysmem.c hxlib\time.c hxlib\trig.c jcontext\jcontext.c "jerry-snapshot.c" jerry.c "jmem\jmem-allocator.c" "jmem\jmem-heap.c" "jmem\jmem-poolman.c" "jrt\jrt-fatals.c" "lit\lit-char-helpers.c" "lit\lit-magic-strings.c" "lit\lit-strings.c" "parser\js\byte-code.c" parser\js\common.c "parser\js\js-lexer.c" "parser\js\js-parser-expr.c" "parser\js\js-parser-mem.c" "parser\js\js-parser-scanner.c" "parser\js\js-parser-statm.c" "parser\js\js-parser-util.c" "parser\js\js-parser.c" "parser\regexp\re-bytecode.c" "parser\regexp\re-compiler.c" "parser\regexp\re-parser.c" "vm\opcodes-ecma-arithmetics.c" "vm\opcodes-ecma-bitwise.c" "vm\opcodes-ecma-equality.c" "vm\opcodes-ecma-relational.c" vm\opcodes.c "vm\vm-stack.c" vm\vm.c
     1>cl : Command line warning D9025: overriding '/sdl-' with '/GS-'
         ecma-alloc.c
         ecma-gc.c
         ecma-helpers-conversion.c
     1>ecma\base\ecma-helpers-conversion.c(633): warning C4293: '>>' : shift count negative or too big, undefined behavior
     1>ecma\base\ecma-helpers-conversion.c(635): warning C4293: '>>' : shift count negative or too big, undefined behavior
     1>ecma\base\ecma-helpers-conversion.c(640): warning C4293: '>>' : shift count negative or too big, undefined behavior
     1>ecma\base\ecma-helpers-conversion.c(650): warning C4293: '>>' : shift count negative or too big, undefined behavior
     1>ecma\base\ecma-helpers-conversion.c(657): warning C4293: '>>' : shift count negative or too big, undefined behavior
     1>ecma\base\ecma-helpers-conversion.c(663): warning C4293: '>>' : shift count negative or too big, undefined behavior
     1>ecma\base\ecma-helpers-conversion.c(669): warning C4293: '>>' : shift count negative or too big, undefined behavior
     1>ecma\base\ecma-helpers-conversion.c(681): warning C4293: '>>' : shift count negative or too big, undefined behavior
     1>ecma\base\ecma-helpers-conversion.c(687): warning C4293: '>>' : shift count negative or too big, undefined behavior
     1>ecma\base\ecma-helpers-conversion.c(696): warning C4293: '>>' : shift count negative or too big, undefined behavior
     1>ecma\base\ecma-helpers-conversion.c(702): warning C4293: '>>' : shift count negative or too big, undefined behavior
     1>ecma\base\ecma-helpers-conversion.c(708): warning C4293: '>>' : shift count negative or too big, undefined behavior
     1>ecma\base\ecma-helpers-conversion.c(712): warning C4293: '>>' : shift count negative or too big, undefined behavior
     1>ecma\base\ecma-helpers-conversion.c(713): warning C4293: '>>' : shift count negative or too big, undefined behavior
     1>ecma\base\ecma-helpers-conversion.c(720): warning C4293: '>>' : shift count negative or too big, undefined behavior
     1>ecma\base\ecma-helpers-conversion.c(726): warning C4293: '>>' : shift count negative or too big, undefined behavior
     1>ecma\base\ecma-helpers-conversion.c(732): warning C4293: '>>' : shift count negative or too big, undefined behavior
     1>ecma\base\ecma-helpers-conversion.c(735): warning C4293: '>>' : shift count negative or too big, undefined behavior
     1>ecma\base\ecma-helpers-conversion.c(842): warning C4146: unary minus operator applied to unsigned type, result still unsigned
         ecma-helpers-errol.c
     1>ecma\base\ecma-helpers-errol.c(170): warning C4056: overflow in floating-point constant arithmetic
         ecma-helpers-external-pointers.c
         ecma-helpers-number.c
         ecma-helpers-string.c
         ecma-helpers-value.c
         ecma-helpers-values-collection.c
         ecma-helpers.c
         ecma-init-finalize.c
         ecma-lcache.c
         ecma-literal-storage.c
         ecma-property-hashmap.c
         ecma-builtin-array-prototype.c
     1>ecma\builtin-objects\ecma-builtin-array-prototype.c(137): warning C4028: formal parameter 1 different from declaration
     1>ecma\builtin-objects\ecma-builtin-array-prototype.c(361): warning C4028: formal parameter 1 different from declaration
     1>ecma\builtin-objects\ecma-builtin-array-prototype.c(361): warning C4028: formal parameter 2 different from declaration
         ecma-builtin-array.c
         ecma-builtin-arraybuffer-prototype.c
         ecma-builtin-arraybuffer.c
         ecma-builtin-boolean-prototype.c
         ecma-builtin-boolean.c
         Generating Code...
     1>c:\hellox\personal\hellox_os\jerryengine\jerryengine\ecma\base\ecma-helpers-errol.c(164): warning C4756: overflow in constant arithmetic
     1>c:\hellox\personal\hellox_os\jerryengine\jerryengine\ecma\base\ecma-helpers-errol.c(166): warning C4756: overflow in constant arithmetic
     1>c:\hellox\personal\hellox_os\jerryengine\jerryengine\ecma\base\ecma-helpers-errol.c(170): warning C4756: overflow in constant arithmetic
         Compiling...
         ecma-builtin-date-prototype.c
         ecma-builtin-date.c
         ecma-builtin-error-prototype.c
         ecma-builtin-error.c
         ecma-builtin-evalerror-prototype.c
         ecma-builtin-evalerror.c
         ecma-builtin-function-prototype.c
         ecma-builtin-function.c
         ecma-builtin-global.c
         ecma-builtin-helpers-date.c
         ecma-builtin-helpers-error.c
         ecma-builtin-helpers-json.c
         ecma-builtin-helpers.c
         ecma-builtin-json.c
         ecma-builtin-math.c
         ecma-builtin-number-prototype.c
         ecma-builtin-number.c
         ecma-builtin-object-prototype.c
         ecma-builtin-object.c
         ecma-builtin-rangeerror-prototype.c
         Generating Code...
         Compiling...
         ecma-builtin-rangeerror.c
         ecma-builtin-referenceerror-prototype.c
         ecma-builtin-referenceerror.c
         ecma-builtin-regexp-prototype.c
         ecma-builtin-regexp.c
         ecma-builtin-string-prototype.c
         ecma-builtin-string.c
         ecma-builtin-syntaxerror-prototype.c
         ecma-builtin-syntaxerror.c
         ecma-builtin-type-error-thrower.c
         ecma-builtin-typeerror-prototype.c
         ecma-builtin-typeerror.c
         ecma-builtin-urierror-prototype.c
         ecma-builtin-urierror.c
         ecma-builtins.c
         ecma-array-object.c
         ecma-arraybuffer-object.c
         ecma-boolean-object.c
         ecma-comparison.c
         ecma-conversion.c
         Generating Code...
         Compiling...
         ecma-eval.c
         ecma-exceptions.c
         ecma-function-object.c
     1>ecma\operations\ecma-function-object.c(267): warning C4090: 'function' : different 'const' qualifiers
         ecma-get-put-value.c
         ecma-lex-env.c
         ecma-number-arithmetic.c
         ecma-number-object.c
         ecma-objects-arguments.c
         ecma-objects-general.c
         ecma-objects.c
         ecma-reference.c
         ecma-regexp-object.c
     1>ecma\operations\ecma-regexp-object.c(584): warning C4090: 'function' : different 'const' qualifiers
     1>ecma\operations\ecma-regexp-object.c(1455): warning C4090: 'function' : different 'const' qualifiers
         ecma-string-object.c
         entry.c
         hellox-port.c
         acos.c
         asin.c
         atan.c
         atan2.c
     1>hxlib\atan2.c(78): warning C4146: unary minus operator applied to unsigned type, result still unsigned
         atox.c
         Generating Code...
         Compiling...
         ceil.c
     1>hxlib\ceil.c(117): warning C4018: '<' : signed/unsigned mismatch
         copysign.c
         ctype.c
         errno.c
         exp.c
         fabs.c
         finite.c
         getenv.c
         io.c
         kapi.c
         log.c
         math.c
     1>hxlib\math.c(31): warning C4146: unary minus operator applied to unsigned type, result still unsigned
     1>hxlib\math.c(296): warning C4018: '<' : signed/unsigned mismatch
         memory.c
         nextafter.c
         pow.c
         pthread.c
         pthread_mutex.c
         pthread_other.c
         rand.c
         scalbn.c
         Generating Code...
         Compiling...
         sched.c
         setjmp.c
         signal.c
         sqrt.c
         stat.c
         stdio.c
         string.c
     1>hxlib\string.c(239): warning C4146: unary minus operator applied to unsigned type, result still unsigned
     1>hxlib\string.c(267): warning C4146: unary minus operator applied to unsigned type, result still unsigned
         sysmem.c
         time.c
         trig.c
         jcontext.c
         jerry-snapshot.c
         jerry.c
         jmem-allocator.c
         jmem-heap.c
         jmem-poolman.c
         jrt-fatals.c
         lit-char-helpers.c
         lit-magic-strings.c
         lit-strings.c
     1>lit\lit-strings.c(631): warning C4028: formal parameter 1 different from declaration
         Generating Code...
         Compiling...
         byte-code.c
         common.c
         js-lexer.c
         js-parser-expr.c
         js-parser-mem.c
         js-parser-scanner.c
         js-parser-statm.c
         js-parser-util.c
         js-parser.c
         re-bytecode.c
         re-compiler.c
         re-parser.c
         opcodes-ecma-arithmetics.c
         opcodes-ecma-bitwise.c
         opcodes-ecma-equality.c
         opcodes-ecma-relational.c
         opcodes.c
         vm-stack.c
         vm.c
         Generating Code...
       Link:
         C:\Program Files (x86)\Microsoft Visual Studio 12.0\VC\bin\link.exe /ERRORREPORT:PROMPT /OUT:"C:\HelloX\personal\HelloX_OS\JerryEngine\Release\JerryEngine.exe" /INCREMENTAL:NO /NOLOGO kernel32.lib user32.lib gdi32.lib winspool.lib comdlg32.lib advapi32.lib shell32.lib ole32.lib oleaut32.lib uuid.lib odbc32.lib odbccp32.lib /MANIFEST /MANIFESTUAC:"level='asInvoker' uiAccess='false'" /manifest:embed /DEBUG /PDB:"C:\HelloX\personal\HelloX_OS\JerryEngine\Release\JerryEngine.pdb" /MAP /SUBSYSTEM:CONSOLE /OPT:REF /OPT:ICF /LTCG /TLBID:1 /ENTRY:"_hx_jerry_entry" /DYNAMICBASE /NXCOMPAT /IMPLIB:"C:\HelloX\personal\HelloX_OS\JerryEngine\Release\JerryEngine.lib" /MACHINE:X86 /SAFESEH /ALIGN:64 "Release\ecma-alloc.obj"
         "Release\ecma-gc.obj"
         "Release\ecma-helpers-conversion.obj"
         "Release\ecma-helpers-errol.obj"
         "Release\ecma-helpers-external-pointers.obj"
         "Release\ecma-helpers-number.obj"
         "Release\ecma-helpers-string.obj"
         "Release\ecma-helpers-value.obj"
         "Release\ecma-helpers-values-collection.obj"
         "Release\ecma-helpers.obj"
         "Release\ecma-init-finalize.obj"
         "Release\ecma-lcache.obj"
         "Release\ecma-literal-storage.obj"
         "Release\ecma-property-hashmap.obj"
         "Release\ecma-builtin-array-prototype.obj"
         "Release\ecma-builtin-array.obj"
         "Release\ecma-builtin-arraybuffer-prototype.obj"
         "Release\ecma-builtin-arraybuffer.obj"
         "Release\ecma-builtin-boolean-prototype.obj"
         "Release\ecma-builtin-boolean.obj"
         "Release\ecma-builtin-date-prototype.obj"
         "Release\ecma-builtin-date.obj"
         "Release\ecma-builtin-error-prototype.obj"
         "Release\ecma-builtin-error.obj"
         "Release\ecma-builtin-evalerror-prototype.obj"
         "Release\ecma-builtin-evalerror.obj"
         "Release\ecma-builtin-function-prototype.obj"
         "Release\ecma-builtin-function.obj"
         "Release\ecma-builtin-global.obj"
         "Release\ecma-builtin-helpers-date.obj"
         "Release\ecma-builtin-helpers-error.obj"
         "Release\ecma-builtin-helpers-json.obj"
         "Release\ecma-builtin-helpers.obj"
         "Release\ecma-builtin-json.obj"
         "Release\ecma-builtin-math.obj"
         "Release\ecma-builtin-number-prototype.obj"
         "Release\ecma-builtin-number.obj"
         "Release\ecma-builtin-object-prototype.obj"
         "Release\ecma-builtin-object.obj"
         "Release\ecma-builtin-rangeerror-prototype.obj"
         "Release\ecma-builtin-rangeerror.obj"
         "Release\ecma-builtin-referenceerror-prototype.obj"
         "Release\ecma-builtin-referenceerror.obj"
         "Release\ecma-builtin-regexp-prototype.obj"
         "Release\ecma-builtin-regexp.obj"
         "Release\ecma-builtin-string-prototype.obj"
         "Release\ecma-builtin-string.obj"
         "Release\ecma-builtin-syntaxerror-prototype.obj"
         "Release\ecma-builtin-syntaxerror.obj"
         "Release\ecma-builtin-type-error-thrower.obj"
         "Release\ecma-builtin-typeerror-prototype.obj"
         "Release\ecma-builtin-typeerror.obj"
         "Release\ecma-builtin-urierror-prototype.obj"
         "Release\ecma-builtin-urierror.obj"
         "Release\ecma-builtins.obj"
         "Release\ecma-array-object.obj"
         "Release\ecma-arraybuffer-object.obj"
         "Release\ecma-boolean-object.obj"
         "Release\ecma-comparison.obj"
         "Release\ecma-conversion.obj"
         "Release\ecma-eval.obj"
         "Release\ecma-exceptions.obj"
         "Release\ecma-function-object.obj"
         "Release\ecma-get-put-value.obj"
         "Release\ecma-lex-env.obj"
         "Release\ecma-number-arithmetic.obj"
         "Release\ecma-number-object.obj"
         "Release\ecma-objects-arguments.obj"
         "Release\ecma-objects-general.obj"
         "Release\ecma-objects.obj"
         "Release\ecma-reference.obj"
         "Release\ecma-regexp-object.obj"
         "Release\ecma-string-object.obj"
         Release\entry.obj
         "Release\hellox-port.obj"
         Release\acos.obj
         Release\asin.obj
         Release\atan.obj
         Release\atan2.obj
         Release\atox.obj
         Release\ceil.obj
         Release\copysign.obj
         Release\ctype.obj
         Release\errno.obj
         Release\exp.obj
         Release\fabs.obj
         Release\finite.obj
         Release\getenv.obj
         Release\io.obj
         Release\kapi.obj
         Release\log.obj
         Release\math.obj
         Release\memory.obj
         Release\nextafter.obj
         Release\pow.obj
         Release\pthread.obj
         Release\pthread_mutex.obj
         Release\pthread_other.obj
         Release\rand.obj
         Release\scalbn.obj
         Release\sched.obj
         Release\setjmp.obj
         Release\signal.obj
         Release\sqrt.obj
         Release\stat.obj
         Release\stdio.obj
         Release\string.obj
         Release\sysmem.obj
         Release\time.obj
         Release\trig.obj
         Release\jcontext.obj
         "Release\jerry-snapshot.obj"
         Release\jerry.obj
         "Release\jmem-allocator.obj"
         "Release\jmem-heap.obj"
         "Release\jmem-poolman.obj"
         "Release\jrt-fatals.obj"
         "Release\lit-char-helpers.obj"
         "Release\lit-magic-strings.obj"
         "Release\lit-strings.obj"
         "Release\byte-code.obj"
         Release\common.obj
         "Release\js-lexer.obj"
         "Release\js-parser-expr.obj"
         "Release\js-parser-mem.obj"
         "Release\js-parser-scanner.obj"
         "Release\js-parser-statm.obj"
         "Release\js-parser-util.obj"
         "Release\js-parser.obj"
         "Release\re-bytecode.obj"
         "Release\re-compiler.obj"
         "Release\re-parser.obj"
         "Release\opcodes-ecma-arithmetics.obj"
         "Release\opcodes-ecma-bitwise.obj"
         "Release\opcodes-ecma-equality.obj"
         "Release\opcodes-ecma-relational.obj"
         Release\opcodes.obj
         "Release\vm-stack.obj"
         Release\vm.obj
     1>LINK : warning LNK4108: /ALIGN specified without /DRIVER; image may not run
         LINK : /LTCG specified but no code generation required; remove /LTCG from the link command line to improve linker performance
     1>MSVCRT.lib(cpu_disp.obj) : warning LNK4210: .CRT section exists; there may be unhandled static initializers or terminators
         JerryEngine.vcxproj -> C:\HelloX\personal\HelloX_OS\JerryEngine\Release\JerryEngine.exe
     1>Done Building Project "C:\HelloX\personal\HelloX_OS\JerryEngine\JerryEngine\JerryEngine.vcxproj" (Rebuild target(s)).

Build succeeded.

Time Elapsed 00:00:08.41
