c:\hellox\personal\hellox_os\jerryengine\jerryengine\release\vc120.pdb
c:\hellox\personal\hellox_os\jerryengine\jerryengine\release\ecma-builtin-boolean.obj
c:\hellox\personal\hellox_os\jerryengine\jerryengine\release\ecma-builtin-boolean-prototype.obj
c:\hellox\personal\hellox_os\jerryengine\jerryengine\release\ecma-builtin-arraybuffer.obj
c:\hellox\personal\hellox_os\jerryengine\jerryengine\release\ecma-builtin-arraybuffer-prototype.obj
c:\hellox\personal\hellox_os\jerryengine\jerryengine\release\ecma-builtin-array.obj
c:\hellox\personal\hellox_os\jerryengine\jerryengine\release\ecma-builtin-array-prototype.obj
c:\hellox\personal\hellox_os\jerryengine\jerryengine\release\ecma-property-hashmap.obj
c:\hellox\personal\hellox_os\jerryengine\jerryengine\release\ecma-literal-storage.obj
c:\hellox\personal\hellox_os\jerryengine\jerryengine\release\ecma-lcache.obj
c:\hellox\personal\hellox_os\jerryengine\jerryengine\release\ecma-init-finalize.obj
c:\hellox\personal\hellox_os\jerryengine\jerryengine\release\ecma-helpers.obj
c:\hellox\personal\hellox_os\jerryengine\jerryengine\release\ecma-helpers-values-collection.obj
c:\hellox\personal\hellox_os\jerryengine\jerryengine\release\ecma-helpers-value.obj
c:\hellox\personal\hellox_os\jerryengine\jerryengine\release\ecma-helpers-string.obj
c:\hellox\personal\hellox_os\jerryengine\jerryengine\release\ecma-helpers-number.obj
c:\hellox\personal\hellox_os\jerryengine\jerryengine\release\ecma-helpers-external-pointers.obj
c:\hellox\personal\hellox_os\jerryengine\jerryengine\release\ecma-helpers-errol.obj
c:\hellox\personal\hellox_os\jerryengine\jerryengine\release\ecma-helpers-conversion.obj
c:\hellox\personal\hellox_os\jerryengine\jerryengine\release\ecma-gc.obj
c:\hellox\personal\hellox_os\jerryengine\jerryengine\release\ecma-alloc.obj
c:\hellox\personal\hellox_os\jerryengine\jerryengine\release\ecma-builtin-rangeerror-prototype.obj
c:\hellox\personal\hellox_os\jerryengine\jerryengine\release\ecma-builtin-object.obj
c:\hellox\personal\hellox_os\jerryengine\jerryengine\release\ecma-builtin-object-prototype.obj
c:\hellox\personal\hellox_os\jerryengine\jerryengine\release\ecma-builtin-number.obj
c:\hellox\personal\hellox_os\jerryengine\jerryengine\release\ecma-builtin-number-prototype.obj
c:\hellox\personal\hellox_os\jerryengine\jerryengine\release\ecma-builtin-math.obj
c:\hellox\personal\hellox_os\jerryengine\jerryengine\release\ecma-builtin-json.obj
c:\hellox\personal\hellox_os\jerryengine\jerryengine\release\ecma-builtin-helpers.obj
c:\hellox\personal\hellox_os\jerryengine\jerryengine\release\ecma-builtin-helpers-json.obj
c:\hellox\personal\hellox_os\jerryengine\jerryengine\release\ecma-builtin-helpers-error.obj
c:\hellox\personal\hellox_os\jerryengine\jerryengine\release\ecma-builtin-helpers-date.obj
c:\hellox\personal\hellox_os\jerryengine\jerryengine\release\ecma-builtin-global.obj
c:\hellox\personal\hellox_os\jerryengine\jerryengine\release\ecma-builtin-function.obj
c:\hellox\personal\hellox_os\jerryengine\jerryengine\release\ecma-builtin-function-prototype.obj
c:\hellox\personal\hellox_os\jerryengine\jerryengine\release\ecma-builtin-evalerror.obj
c:\hellox\personal\hellox_os\jerryengine\jerryengine\release\ecma-builtin-evalerror-prototype.obj
c:\hellox\personal\hellox_os\jerryengine\jerryengine\release\ecma-builtin-error.obj
c:\hellox\personal\hellox_os\jerryengine\jerryengine\release\ecma-builtin-error-prototype.obj
c:\hellox\personal\hellox_os\jerryengine\jerryengine\release\ecma-builtin-date.obj
c:\hellox\personal\hellox_os\jerryengine\jerryengine\release\ecma-builtin-date-prototype.obj
c:\hellox\personal\hellox_os\jerryengine\jerryengine\release\ecma-conversion.obj
c:\hellox\personal\hellox_os\jerryengine\jerryengine\release\ecma-comparison.obj
c:\hellox\personal\hellox_os\jerryengine\jerryengine\release\ecma-boolean-object.obj
c:\hellox\personal\hellox_os\jerryengine\jerryengine\release\ecma-arraybuffer-object.obj
c:\hellox\personal\hellox_os\jerryengine\jerryengine\release\ecma-array-object.obj
c:\hellox\personal\hellox_os\jerryengine\jerryengine\release\ecma-builtins.obj
c:\hellox\personal\hellox_os\jerryengine\jerryengine\release\ecma-builtin-urierror.obj
c:\hellox\personal\hellox_os\jerryengine\jerryengine\release\ecma-builtin-urierror-prototype.obj
c:\hellox\personal\hellox_os\jerryengine\jerryengine\release\ecma-builtin-typeerror.obj
c:\hellox\personal\hellox_os\jerryengine\jerryengine\release\ecma-builtin-typeerror-prototype.obj
c:\hellox\personal\hellox_os\jerryengine\jerryengine\release\ecma-builtin-type-error-thrower.obj
c:\hellox\personal\hellox_os\jerryengine\jerryengine\release\ecma-builtin-syntaxerror.obj
c:\hellox\personal\hellox_os\jerryengine\jerryengine\release\ecma-builtin-syntaxerror-prototype.obj
c:\hellox\personal\hellox_os\jerryengine\jerryengine\release\ecma-builtin-string.obj
c:\hellox\personal\hellox_os\jerryengine\jerryengine\release\ecma-builtin-string-prototype.obj
c:\hellox\personal\hellox_os\jerryengine\jerryengine\release\ecma-builtin-regexp.obj
c:\hellox\personal\hellox_os\jerryengine\jerryengine\release\ecma-builtin-regexp-prototype.obj
c:\hellox\personal\hellox_os\jerryengine\jerryengine\release\ecma-builtin-referenceerror.obj
c:\hellox\personal\hellox_os\jerryengine\jerryengine\release\ecma-builtin-referenceerror-prototype.obj
c:\hellox\personal\hellox_os\jerryengine\jerryengine\release\ecma-builtin-rangeerror.obj
c:\hellox\personal\hellox_os\jerryengine\jerryengine\release\atox.obj
c:\hellox\personal\hellox_os\jerryengine\jerryengine\release\atan2.obj
c:\hellox\personal\hellox_os\jerryengine\jerryengine\release\atan.obj
c:\hellox\personal\hellox_os\jerryengine\jerryengine\release\asin.obj
c:\hellox\personal\hellox_os\jerryengine\jerryengine\release\acos.obj
c:\hellox\personal\hellox_os\jerryengine\jerryengine\release\hellox-port.obj
c:\hellox\personal\hellox_os\jerryengine\jerryengine\release\entry.obj
c:\hellox\personal\hellox_os\jerryengine\jerryengine\release\ecma-string-object.obj
c:\hellox\personal\hellox_os\jerryengine\jerryengine\release\ecma-regexp-object.obj
c:\hellox\personal\hellox_os\jerryengine\jerryengine\release\ecma-reference.obj
c:\hellox\personal\hellox_os\jerryengine\jerryengine\release\ecma-objects.obj
c:\hellox\personal\hellox_os\jerryengine\jerryengine\release\ecma-objects-general.obj
c:\hellox\personal\hellox_os\jerryengine\jerryengine\release\ecma-objects-arguments.obj
c:\hellox\personal\hellox_os\jerryengine\jerryengine\release\ecma-number-object.obj
c:\hellox\personal\hellox_os\jerryengine\jerryengine\release\ecma-number-arithmetic.obj
c:\hellox\personal\hellox_os\jerryengine\jerryengine\release\ecma-lex-env.obj
c:\hellox\personal\hellox_os\jerryengine\jerryengine\release\ecma-get-put-value.obj
c:\hellox\personal\hellox_os\jerryengine\jerryengine\release\ecma-function-object.obj
c:\hellox\personal\hellox_os\jerryengine\jerryengine\release\ecma-exceptions.obj
c:\hellox\personal\hellox_os\jerryengine\jerryengine\release\ecma-eval.obj
c:\hellox\personal\hellox_os\jerryengine\jerryengine\release\scalbn.obj
c:\hellox\personal\hellox_os\jerryengine\jerryengine\release\rand.obj
c:\hellox\personal\hellox_os\jerryengine\jerryengine\release\pthread_other.obj
c:\hellox\personal\hellox_os\jerryengine\jerryengine\release\pthread_mutex.obj
c:\hellox\personal\hellox_os\jerryengine\jerryengine\release\pthread.obj
c:\hellox\personal\hellox_os\jerryengine\jerryengine\release\pow.obj
c:\hellox\personal\hellox_os\jerryengine\jerryengine\release\nextafter.obj
c:\hellox\personal\hellox_os\jerryengine\jerryengine\release\memory.obj
c:\hellox\personal\hellox_os\jerryengine\jerryengine\release\math.obj
c:\hellox\personal\hellox_os\jerryengine\jerryengine\release\log.obj
c:\hellox\personal\hellox_os\jerryengine\jerryengine\release\kapi.obj
c:\hellox\personal\hellox_os\jerryengine\jerryengine\release\io.obj
c:\hellox\personal\hellox_os\jerryengine\jerryengine\release\getenv.obj
c:\hellox\personal\hellox_os\jerryengine\jerryengine\release\finite.obj
c:\hellox\personal\hellox_os\jerryengine\jerryengine\release\fabs.obj
c:\hellox\personal\hellox_os\jerryengine\jerryengine\release\exp.obj
c:\hellox\personal\hellox_os\jerryengine\jerryengine\release\errno.obj
c:\hellox\personal\hellox_os\jerryengine\jerryengine\release\ctype.obj
c:\hellox\personal\hellox_os\jerryengine\jerryengine\release\copysign.obj
c:\hellox\personal\hellox_os\jerryengine\jerryengine\release\ceil.obj
c:\hellox\personal\hellox_os\jerryengine\jerryengine\release\lit-strings.obj
c:\hellox\personal\hellox_os\jerryengine\jerryengine\release\lit-magic-strings.obj
c:\hellox\personal\hellox_os\jerryengine\jerryengine\release\lit-char-helpers.obj
c:\hellox\personal\hellox_os\jerryengine\jerryengine\release\jrt-fatals.obj
c:\hellox\personal\hellox_os\jerryengine\jerryengine\release\jmem-poolman.obj
c:\hellox\personal\hellox_os\jerryengine\jerryengine\release\jmem-heap.obj
c:\hellox\personal\hellox_os\jerryengine\jerryengine\release\jmem-allocator.obj
c:\hellox\personal\hellox_os\jerryengine\jerryengine\release\jerry.obj
c:\hellox\personal\hellox_os\jerryengine\jerryengine\release\jerry-snapshot.obj
c:\hellox\personal\hellox_os\jerryengine\jerryengine\release\jcontext.obj
c:\hellox\personal\hellox_os\jerryengine\jerryengine\release\trig.obj
c:\hellox\personal\hellox_os\jerryengine\jerryengine\release\time.obj
c:\hellox\personal\hellox_os\jerryengine\jerryengine\release\sysmem.obj
c:\hellox\personal\hellox_os\jerryengine\jerryengine\release\string.obj
c:\hellox\personal\hellox_os\jerryengine\jerryengine\release\stdio.obj
c:\hellox\personal\hellox_os\jerryengine\jerryengine\release\stat.obj
c:\hellox\personal\hellox_os\jerryengine\jerryengine\release\sqrt.obj
c:\hellox\personal\hellox_os\jerryengine\jerryengine\release\signal.obj
c:\hellox\personal\hellox_os\jerryengine\jerryengine\release\setjmp.obj
c:\hellox\personal\hellox_os\jerryengine\jerryengine\release\sched.obj
c:\hellox\personal\hellox_os\jerryengine\jerryengine\release\vm.obj
c:\hellox\personal\hellox_os\jerryengine\jerryengine\release\vm-stack.obj
c:\hellox\personal\hellox_os\jerryengine\jerryengine\release\opcodes.obj
c:\hellox\personal\hellox_os\jerryengine\jerryengine\release\opcodes-ecma-relational.obj
c:\hellox\personal\hellox_os\jerryengine\jerryengine\release\opcodes-ecma-equality.obj
c:\hellox\personal\hellox_os\jerryengine\jerryengine\release\opcodes-ecma-bitwise.obj
c:\hellox\personal\hellox_os\jerryengine\jerryengine\release\opcodes-ecma-arithmetics.obj
c:\hellox\personal\hellox_os\jerryengine\jerryengine\release\re-parser.obj
c:\hellox\personal\hellox_os\jerryengine\jerryengine\release\re-compiler.obj
c:\hellox\personal\hellox_os\jerryengine\jerryengine\release\re-bytecode.obj
c:\hellox\personal\hellox_os\jerryengine\jerryengine\release\js-parser.obj
c:\hellox\personal\hellox_os\jerryengine\jerryengine\release\js-parser-util.obj
c:\hellox\personal\hellox_os\jerryengine\jerryengine\release\js-parser-statm.obj
c:\hellox\personal\hellox_os\jerryengine\jerryengine\release\js-parser-scanner.obj
c:\hellox\personal\hellox_os\jerryengine\jerryengine\release\js-parser-mem.obj
c:\hellox\personal\hellox_os\jerryengine\jerryengine\release\js-parser-expr.obj
c:\hellox\personal\hellox_os\jerryengine\jerryengine\release\js-lexer.obj
c:\hellox\personal\hellox_os\jerryengine\jerryengine\release\common.obj
c:\hellox\personal\hellox_os\jerryengine\jerryengine\release\byte-code.obj
c:\hellox\personal\hellox_os\jerryengine\release\jerryengine.exe
c:\hellox\personal\hellox_os\jerryengine\release\jerryengine.map
c:\hellox\personal\hellox_os\jerryengine\release\jerryengine.pdb
c:\hellox\personal\hellox_os\jerryengine\jerryengine\release\jerryengine.tlog\cl.command.1.tlog
c:\hellox\personal\hellox_os\jerryengine\jerryengine\release\jerryengine.tlog\cl.read.1.tlog
c:\hellox\personal\hellox_os\jerryengine\jerryengine\release\jerryengine.tlog\cl.write.1.tlog
c:\hellox\personal\hellox_os\jerryengine\jerryengine\release\jerryengine.tlog\link.command.1.tlog
c:\hellox\personal\hellox_os\jerryengine\jerryengine\release\jerryengine.tlog\link.read.1.tlog
c:\hellox\personal\hellox_os\jerryengine\jerryengine\release\jerryengine.tlog\link.write.1.tlog
