d:\hellox\personal\hellox_os\kernel\examapp\release\vc141.pdb
d:\hellox\personal\hellox_os\kernel\examapp\release\stdio.obj
d:\hellox\personal\hellox_os\kernel\examapp\release\sched.obj
d:\hellox\personal\hellox_os\kernel\examapp\release\rand.obj
d:\hellox\personal\hellox_os\kernel\examapp\release\malloc.obj
d:\hellox\personal\hellox_os\kernel\examapp\release\hellox.obj
d:\hellox\personal\hellox_os\kernel\examapp\release\examapp.obj
d:\hellox\personal\hellox_os\kernel\examapp\release\atox.obj
d:\hellox\personal\hellox_os\kernel\release\examapp.ipdb
d:\hellox\personal\hellox_os\kernel\release\examapp.iobj
d:\hellox\personal\hellox_os\kernel\release\examapp.exe
d:\hellox\personal\hellox_os\kernel\release\examapp.map
d:\hellox\personal\hellox_os\kernel\release\examapp.pdb
d:\hellox\personal\hellox_os\kernel\examapp\release\examapp.tlog\cl.command.1.tlog
d:\hellox\personal\hellox_os\kernel\examapp\release\examapp.tlog\cl.read.1.tlog
d:\hellox\personal\hellox_os\kernel\examapp\release\examapp.tlog\cl.write.1.tlog
d:\hellox\personal\hellox_os\kernel\examapp\release\examapp.tlog\examapp.write.1u.tlog
d:\hellox\personal\hellox_os\kernel\examapp\release\examapp.tlog\link.command.1.tlog
d:\hellox\personal\hellox_os\kernel\examapp\release\examapp.tlog\link.read.1.tlog
d:\hellox\personal\hellox_os\kernel\examapp\release\examapp.tlog\link.write.1.tlog
